 # Detector n:            1   Track     
 # N. of energy intervals          25
  0.1000000      0.1360000      2.9153971E-02  0.8807651    
  0.1360000      0.1720000      2.1698209E-02  0.8845133    
  0.1720000      0.2080000      1.7178765E-02  0.9286464    
  0.2080000      0.2440000      1.3043678E-02   4.467397    
  0.2440000      0.2800000      1.0304856E-02   5.195518    
  0.2800000      0.3160000      8.5524553E-03   2.491037    
  0.3160000      0.3520000      7.1916613E-03   1.144534    
  0.3520000      0.3880000      6.5122582E-03   2.366567    
  0.3880000      0.4240000      5.2622338E-03   4.960108    
  0.4240000      0.4600000      4.7889855E-03   1.271521    
  0.4600000      0.4960000      4.1370993E-03   2.053361    
  0.4960000      0.5320000      3.8649386E-03   5.269627    
  0.5320000      0.5680000      3.6230565E-03   1.596735    
  0.5680000      0.6040000      3.0503783E-03   7.047122    
  0.6040000      0.6400000      2.6522486E-03   6.203110    
  0.6400000      0.6760000      2.4658772E-03   1.950668    
  0.6760000      0.7120000      2.7177159E-03   8.660323    
  0.7120000      0.7480000      2.5824208E-03   6.269154    
  0.7480000      0.7840000      2.5485433E-03   4.793216    
  0.7840000      0.8200000      2.8954023E-03   3.177410    
  0.8200000      0.8560000      3.4248622E-03   6.999177    
  0.8560000      0.8920000      4.4893824E-02  0.7577321    
  0.8920000      0.9280000      6.0784124E-02  0.4964776    
  0.9280000      0.9640000      7.1430266E-02  0.5792528    
  0.9640000       1.000000      8.5301563E-02  0.2258340    


 # Detector n:            2   TrackE    
 # N. of energy intervals          25
  0.1000000      0.1360000      3.4152479E-03   1.043357    
  0.1360000      0.1720000      3.3247883E-03  0.7144324    
  0.1720000      0.2080000      3.2494883E-03   1.064990    
  0.2080000      0.2440000      2.9356091E-03   4.448449    
  0.2440000      0.2800000      2.6924137E-03   5.307016    
  0.2800000      0.3160000      2.5435251E-03   2.643496    
  0.3160000      0.3520000      2.3984502E-03   1.105817    
  0.3520000      0.3880000      2.4065801E-03   2.407639    
  0.3880000      0.4240000      2.1311776E-03   4.967682    
  0.4240000      0.4600000      2.1117688E-03   1.246912    
  0.4600000      0.4960000      1.9753997E-03   2.012469    
  0.4960000      0.5320000      1.9862785E-03   5.346511    
  0.5320000      0.5680000      1.9928208E-03   1.614183    
  0.5680000      0.6040000      1.7869823E-03   7.098349    
  0.6040000      0.6400000      1.6484706E-03   6.339476    
  0.6400000      0.6760000      1.6232326E-03   2.004905    
  0.6760000      0.7120000      1.8842886E-03   8.660460    
  0.7120000      0.7480000      1.8851940E-03   6.295894    
  0.7480000      0.7840000      1.9519844E-03   4.776386    
  0.7840000      0.8200000      2.3238328E-03   3.190930    
  0.8200000      0.8560000      2.8758259E-03   6.960978    
  0.8560000      0.8920000      3.9356466E-02  0.7544100    
  0.8920000      0.9280000      5.5343248E-02  0.4973623    
  0.9280000      0.9640000      6.7610569E-02  0.5783062    
  0.9640000       1.000000      8.3814897E-02  0.2247271    
