  **** demo_23.trk ****


  Total primaries run:           15000

    Total weight of the primaries run:   15000.000    


  Detector n:            1   Track     
     (Volume:          785.39819      cmc,
      distr. scored:         201    ,
      from reg.           3  )

     Tot. response (p/cmq/pr)  1.5122138E-02  +/-  0.1244607     %
     ( --> Track l. (cm/pr)       11.87690      +/-  0.1244607     % )

  **** Different. Fluxes as a function of energy **** ****      (integrated over solid angle)        ****


  Energy boundaries (GeV):

   1.000000      0.9640000      0.9280000      0.8920000      0.8560000    
  0.8200000      0.7840000      0.7480000      0.7120000      0.6760000    
  0.6400000      0.6040000      0.5680000      0.5320000      0.4960000    
  0.4600000      0.4240000      0.3880000      0.3520000      0.3160000    
  0.2800000      0.2440000      0.2080000      0.1720000      0.1360000    
  Lowest boundary   (GeV):  0.1000000    

  Flux (Part/GeV/cmq/pr):

  8.5301563E-02 +/-   0.2258340     %   7.1430266E-02 +/-   0.5792528     % 
  6.0784124E-02 +/-   0.4964776     %   4.4893824E-02 +/-   0.7577321     % 
  3.4248622E-03 +/-    6.999177     %   2.8954023E-03 +/-    3.177410     % 
  2.5485433E-03 +/-    4.793216     %   2.5824208E-03 +/-    6.269154     % 
  2.7177159E-03 +/-    8.660323     %   2.4658772E-03 +/-    1.950668     % 
  2.6522486E-03 +/-    6.203110     %   3.0503783E-03 +/-    7.047122     % 
  3.6230565E-03 +/-    1.596735     %   3.8649386E-03 +/-    5.269627     % 
  4.1370993E-03 +/-    2.053361     %   4.7889855E-03 +/-    1.271521     % 
  5.2622338E-03 +/-    4.960108     %   6.5122582E-03 +/-    2.366567     % 
  7.1916613E-03 +/-    1.144534     %   8.5524553E-03 +/-    2.491037     % 
  1.0304856E-02 +/-    5.195518     %   1.3043678E-02 +/-    4.467397     % 
  1.7178765E-02 +/-   0.9286464     %   2.1698209E-02 +/-   0.8845133     % 
  2.9153971E-02 +/-   0.8807651     % 


  **** Cumulative Fluxes as a function of energy **** ****      (integrated over solid angle)        ****


  Energy boundaries (GeV):


   1.000000      0.9640000      0.9280000      0.8920000      0.8560000    
  0.8200000      0.7840000      0.7480000      0.7120000      0.6760000    
  0.6400000      0.6040000      0.5680000      0.5320000      0.4960000    
  0.4600000      0.4240000      0.3880000      0.3520000      0.3160000    
  0.2800000      0.2440000      0.2080000      0.1720000      0.1360000    
  Lowest boundary   (GeV):  0.1000000    

  Cumul. Flux (Part/cmq/pr):

  3.0708562E-03 +/-   0.2258340     %   5.6423456E-03 +/-   0.3784805     % 
  7.8305742E-03 +/-   0.4090262     %   9.4467513E-03 +/-   0.3301978     % 
  9.5700463E-03 +/-   0.2593238     %   9.6742809E-03 +/-   0.2767965     % 
  9.7660283E-03 +/-   0.2768489     %   9.8589957E-03 +/-   0.2178667     % 
  9.9568339E-03 +/-   0.1507639     %   1.0045605E-02 +/-   0.1536156     % 
  1.0141086E-02 +/-   0.1395305     %   1.0250900E-02 +/-   0.1489113     % 
  1.0381330E-02 +/-   0.1591070     %   1.0520468E-02 +/-   0.2183446     % 
  1.0669403E-02 +/-   0.2336076     %   1.0841806E-02 +/-   0.2273899     % 
  1.1031247E-02 +/-   0.3079818     %   1.1265689E-02 +/-   0.3029150     % 
  1.1524588E-02 +/-   0.2734629     %   1.1832477E-02 +/-   0.2574379     % 
  1.2203451E-02 +/-   0.1845752     %   1.2673023E-02 +/-   7.3822625E-02 % 
  1.3291460E-02 +/-   3.7285164E-02 %   1.4072594E-02 +/-   7.1552098E-02 % 
  1.5122138E-02 +/-   0.1244607     % 

  Detector n:            2   TrackE    
     (Volume:          785.39819      cmc,
      distr. scored:         208    ,
      from reg.           3  )

     Tot. response (p/cmq/pr)  1.0629667E-02  +/-  0.1390454     %
     ( --> Track l. (cm/pr)       8.348521      +/-  0.1390454     % )

  **** Different. Fluxes as a function of energy **** ****      (integrated over solid angle)        ****


  Energy boundaries (GeV):

   1.000000      0.9640000      0.9280000      0.8920000      0.8560000    
  0.8200000      0.7840000      0.7480000      0.7120000      0.6760000    
  0.6400000      0.6040000      0.5680000      0.5320000      0.4960000    
  0.4600000      0.4240000      0.3880000      0.3520000      0.3160000    
  0.2800000      0.2440000      0.2080000      0.1720000      0.1360000    
  Lowest boundary   (GeV):  0.1000000    

  Flux (Part/GeV/cmq/pr):

  8.3814897E-02 +/-   0.2247271     %   6.7610569E-02 +/-   0.5783062     % 
  5.5343248E-02 +/-   0.4973623     %   3.9356466E-02 +/-   0.7544100     % 
  2.8758259E-03 +/-    6.960978     %   2.3238328E-03 +/-    3.190930     % 
  1.9519844E-03 +/-    4.776386     %   1.8851940E-03 +/-    6.295894     % 
  1.8842886E-03 +/-    8.660460     %   1.6232326E-03 +/-    2.004905     % 
  1.6484706E-03 +/-    6.339476     %   1.7869823E-03 +/-    7.098349     % 
  1.9928208E-03 +/-    1.614183     %   1.9862785E-03 +/-    5.346511     % 
  1.9753997E-03 +/-    2.012469     %   2.1117688E-03 +/-    1.246912     % 
  2.1311776E-03 +/-    4.967682     %   2.4065801E-03 +/-    2.407639     % 
  2.3984502E-03 +/-    1.105817     %   2.5435251E-03 +/-    2.643496     % 
  2.6924137E-03 +/-    5.307016     %   2.9356091E-03 +/-    4.448449     % 
  3.2494883E-03 +/-    1.064990     %   3.3247883E-03 +/-   0.7144324     % 
  3.4152479E-03 +/-    1.043357     % 


  **** Cumulative Fluxes as a function of energy **** ****      (integrated over solid angle)        ****


  Energy boundaries (GeV):


   1.000000      0.9640000      0.9280000      0.8920000      0.8560000    
  0.8200000      0.7840000      0.7480000      0.7120000      0.6760000    
  0.6400000      0.6040000      0.5680000      0.5320000      0.4960000    
  0.4600000      0.4240000      0.3880000      0.3520000      0.3160000    
  0.2800000      0.2440000      0.2080000      0.1720000      0.1360000    
  Lowest boundary   (GeV):  0.1000000    

  Cumul. Flux (Part/cmq/pr):

  3.0173361E-03 +/-   0.2247271     %   5.4513169E-03 +/-   0.3740285     % 
  7.4436734E-03 +/-   0.4046089     %   8.8605061E-03 +/-   0.3297032     % 
  8.9640357E-03 +/-   0.2641923     %   9.0476936E-03 +/-   0.2774888     % 
  9.1179656E-03 +/-   0.2741042     %   9.1858320E-03 +/-   0.2295141     % 
  9.2536667E-03 +/-   0.1828596     %   9.3121035E-03 +/-   0.1850552     % 
  9.3714483E-03 +/-   0.1711371     %   9.4357794E-03 +/-   0.1607593     % 
  9.5075211E-03 +/-   0.1619196     %   9.5790271E-03 +/-   0.1830615     % 
  9.6501410E-03 +/-   0.1948391     %   9.7261649E-03 +/-   0.1892095     % 
  9.8028872E-03 +/-   0.2251795     %   9.8895244E-03 +/-   0.2161872     % 
  9.9758683E-03 +/-   0.2048450     %   1.0067436E-02 +/-   0.1884619     % 
  1.0164362E-02 +/-   0.1380228     %   1.0270044E-02 +/-   0.1465284     % 
  1.0387026E-02 +/-   0.1359713     %   1.0506718E-02 +/-   0.1357575     % 
  1.0629667E-02 +/-   0.1390454     % 
