 # Detector n:            1   BDXsing   (integrated over solid angle)
 # N. of energy intervals          25
  1.000E-01  1.360E-01  9.448E-03  1.213E+00
  1.360E-01  1.720E-01  7.167E-03  4.109E+00
  1.720E-01  2.080E-01  5.367E-03  2.866E+00
  2.080E-01  2.440E-01  3.888E-03  4.680E+00
  2.440E-01  2.800E-01  3.089E-03  4.077E+00
  2.800E-01  3.160E-01  2.765E-03  1.162E+00
  3.160E-01  3.520E-01  2.206E-03  3.371E+00
  3.520E-01  3.880E-01  1.843E-03  4.866E+00
  3.880E-01  4.240E-01  1.381E-03  8.898E+00
  4.240E-01  4.600E-01  1.241E-03  7.291E+00
  4.600E-01  4.960E-01  1.236E-03  1.121E+01
  4.960E-01  5.320E-01  1.060E-03  9.003E+00
  5.320E-01  5.680E-01  9.380E-04  3.210E+00
  5.680E-01  6.040E-01  7.435E-04  1.038E+01
  6.040E-01  6.400E-01  7.238E-04  8.645E+00
  6.400E-01  6.760E-01  7.985E-04  9.253E+00
  6.760E-01  7.120E-01  7.381E-04  6.121E+00
  7.120E-01  7.480E-01  7.204E-04  9.435E+00
  7.480E-01  7.840E-01  8.202E-04  3.778E+00
  7.840E-01  8.200E-01  9.051E-04  1.012E+01
  8.200E-01  8.560E-01  4.138E-03  2.038E+00
  8.560E-01  8.920E-01  2.697E-02  2.438E-01
  8.920E-01  9.280E-01  6.399E-05  1.242E+01
  9.280E-01  9.640E-01  2.764E-05  1.425E+01
  9.640E-01  1.000E+00  3.930E-06  9.900E+01


 # Detector n:            2   BDXsingAn (integrated over solid angle)
 # N. of energy intervals           1
  1.000E-01  1.000E+00  1.622E-03  1.096E-01


 # double differential distributions
 # number of solid angle intervals          25
 # Block n:            1     0.0000000      :  0.50265485    
  1.000E-01  1.000E+00  0.000E+00  0.000E+00
  1.000E+00  1.000E+00  0.000E+00  0.000E+00

 # Block n:            2    0.50265485      :   1.0053097    
  1.000E-01  1.000E+00  0.000E+00  0.000E+00
  1.000E+00  1.000E+00  0.000E+00  0.000E+00

 # Block n:            3     1.0053097      :   1.5079646    
  1.000E-01  1.000E+00  0.000E+00  0.000E+00
  1.000E+00  1.000E+00  0.000E+00  0.000E+00

 # Block n:            4     1.5079646      :   2.0106194    
  1.000E-01  1.000E+00  0.000E+00  0.000E+00
  1.000E+00  1.000E+00  0.000E+00  0.000E+00

 # Block n:            5     2.0106194      :   2.5132742    
  1.000E-01  1.000E+00  0.000E+00  0.000E+00
  1.000E+00  1.000E+00  0.000E+00  0.000E+00

 # Block n:            6     2.5132742      :   3.0159292    
  1.000E-01  1.000E+00  0.000E+00  0.000E+00
  1.000E+00  1.000E+00  0.000E+00  0.000E+00

 # Block n:            7     3.0159292      :   3.5185840    
  1.000E-01  1.000E+00  0.000E+00  0.000E+00
  1.000E+00  1.000E+00  0.000E+00  0.000E+00

 # Block n:            8     3.5185840      :   4.0212388    
  1.000E-01  1.000E+00  0.000E+00  0.000E+00
  1.000E+00  1.000E+00  0.000E+00  0.000E+00

 # Block n:            9     4.0212388      :   4.5238938    
  1.000E-01  1.000E+00  0.000E+00  0.000E+00
  1.000E+00  1.000E+00  0.000E+00  0.000E+00

 # Block n:           10     4.5238938      :   5.0265484    
  1.000E-01  1.000E+00  0.000E+00  0.000E+00
  1.000E+00  1.000E+00  0.000E+00  0.000E+00

 # Block n:           11     5.0265484      :   5.5292034    
  1.000E-01  1.000E+00  0.000E+00  0.000E+00
  1.000E+00  1.000E+00  0.000E+00  0.000E+00

 # Block n:           12     5.5292034      :   6.0318584    
  1.000E-01  1.000E+00  0.000E+00  0.000E+00
  1.000E+00  1.000E+00  0.000E+00  0.000E+00

 # Block n:           13     6.0318584      :   6.5345130    
  1.000E-01  1.000E+00  0.000E+00  0.000E+00
  1.000E+00  1.000E+00  0.000E+00  0.000E+00

 # Block n:           14     6.5345130      :   7.0371680    
  1.000E-01  1.000E+00  3.613E-06  3.541E+01
  1.000E+00  1.000E+00  0.000E+00  0.000E+00

 # Block n:           15     7.0371680      :   7.5398226    
  1.000E-01  1.000E+00  5.879E-06  1.357E+01
  1.000E+00  1.000E+00  0.000E+00  0.000E+00

 # Block n:           16     7.5398226      :   8.0424776    
  1.000E-01  1.000E+00  8.426E-06  4.157E+00
  1.000E+00  1.000E+00  0.000E+00  0.000E+00

 # Block n:           17     8.0424776      :   8.5451326    
  1.000E-01  1.000E+00  1.074E-05  1.018E+01
  1.000E+00  1.000E+00  0.000E+00  0.000E+00

 # Block n:           18     8.5451326      :   9.0477877    
  1.000E-01  1.000E+00  1.013E-05  8.352E+00
  1.000E+00  1.000E+00  0.000E+00  0.000E+00

 # Block n:           19     9.0477877      :   9.5504417    
  1.000E-01  1.000E+00  2.648E-05  6.005E+00
  1.000E+00  1.000E+00  0.000E+00  0.000E+00

 # Block n:           20     9.5504417      :   10.053097    
  1.000E-01  1.000E+00  4.267E-05  4.093E+00
  1.000E+00  1.000E+00  0.000E+00  0.000E+00

 # Block n:           21     10.053097      :   10.555752    
  1.000E-01  1.000E+00  6.278E-05  6.242E+00
  1.000E+00  1.000E+00  0.000E+00  0.000E+00

 # Block n:           22     10.555752      :   11.058407    
  1.000E-01  1.000E+00  8.253E-05  3.107E+00
  1.000E+00  1.000E+00  0.000E+00  0.000E+00

 # Block n:           23     11.058407      :   11.561062    
  1.000E-01  1.000E+00  1.087E-04  6.468E+00
  1.000E+00  1.000E+00  0.000E+00  0.000E+00

 # Block n:           24     11.561062      :   12.063717    
  1.000E-01  1.000E+00  2.128E-04  2.644E+00
  1.000E+00  1.000E+00  0.000E+00  0.000E+00

 # Block n:           25     12.063717      :   12.566371    
  1.000E-01  1.000E+00  2.653E-03  3.245E-01
  1.000E+00  1.000E+00  0.000E+00  0.000E+00

  1.000E-01  1.257E+01  0.000E+00  0.000E+00
  1.000E+00  1.257E+01  0.000E+00  0.000E+00
