 # Detector n:            1   BDXdoub   (integrated over solid angle)
 # N. of energy intervals          25
  1.000E-01  1.360E-01  9.448E-03  1.213E+00
  1.360E-01  1.720E-01  7.167E-03  4.109E+00
  1.720E-01  2.080E-01  5.367E-03  2.866E+00
  2.080E-01  2.440E-01  3.888E-03  4.680E+00
  2.440E-01  2.800E-01  3.089E-03  4.077E+00
  2.800E-01  3.160E-01  2.765E-03  1.162E+00
  3.160E-01  3.520E-01  2.206E-03  3.371E+00
  3.520E-01  3.880E-01  1.843E-03  4.866E+00
  3.880E-01  4.240E-01  1.381E-03  8.898E+00
  4.240E-01  4.600E-01  1.241E-03  7.291E+00
  4.600E-01  4.960E-01  1.236E-03  1.121E+01
  4.960E-01  5.320E-01  1.060E-03  9.003E+00
  5.320E-01  5.680E-01  9.380E-04  3.210E+00
  5.680E-01  6.040E-01  7.435E-04  1.038E+01
  6.040E-01  6.400E-01  7.238E-04  8.645E+00
  6.400E-01  6.760E-01  7.985E-04  9.253E+00
  6.760E-01  7.120E-01  7.381E-04  6.121E+00
  7.120E-01  7.480E-01  7.204E-04  9.435E+00
  7.480E-01  7.840E-01  8.202E-04  3.778E+00
  7.840E-01  8.200E-01  9.051E-04  1.012E+01
  8.200E-01  8.560E-01  4.138E-03  2.038E+00
  8.560E-01  8.920E-01  2.697E-02  2.438E-01
  8.920E-01  9.280E-01  6.399E-05  1.242E+01
  9.280E-01  9.640E-01  2.764E-05  1.425E+01
  9.640E-01  1.000E+00  3.930E-06  9.900E+01


 # double differential distributions
 # number of solid angle intervals          25
 # Block n:            1     0.0000000      :  0.50265485    
  1.000E-01  1.360E-01  0.000E+00  0.000E+00
  1.360E-01  1.720E-01  0.000E+00  0.000E+00
  1.720E-01  2.080E-01  0.000E+00  0.000E+00
  2.080E-01  2.440E-01  0.000E+00  0.000E+00
  2.440E-01  2.800E-01  0.000E+00  0.000E+00
  2.800E-01  3.160E-01  0.000E+00  0.000E+00
  3.160E-01  3.520E-01  0.000E+00  0.000E+00
  3.520E-01  3.880E-01  0.000E+00  0.000E+00
  3.880E-01  4.240E-01  0.000E+00  0.000E+00
  4.240E-01  4.600E-01  0.000E+00  0.000E+00
  4.600E-01  4.960E-01  0.000E+00  0.000E+00
  4.960E-01  5.320E-01  0.000E+00  0.000E+00
  5.320E-01  5.680E-01  0.000E+00  0.000E+00
  5.680E-01  6.040E-01  0.000E+00  0.000E+00
  6.040E-01  6.400E-01  0.000E+00  0.000E+00
  6.400E-01  6.760E-01  0.000E+00  0.000E+00
  6.760E-01  7.120E-01  0.000E+00  0.000E+00
  7.120E-01  7.480E-01  0.000E+00  0.000E+00
  7.480E-01  7.840E-01  0.000E+00  0.000E+00
  7.840E-01  8.200E-01  0.000E+00  0.000E+00
  8.200E-01  8.560E-01  0.000E+00  0.000E+00
  8.560E-01  8.920E-01  0.000E+00  0.000E+00
  8.920E-01  9.280E-01  0.000E+00  0.000E+00
  9.280E-01  9.640E-01  0.000E+00  0.000E+00
  9.640E-01  1.000E+00  0.000E+00  0.000E+00
  1.000E+00  1.000E+00  0.000E+00  0.000E+00

 # Block n:            2    0.50265485      :   1.0053097    
  1.000E-01  1.360E-01  0.000E+00  0.000E+00
  1.360E-01  1.720E-01  0.000E+00  0.000E+00
  1.720E-01  2.080E-01  0.000E+00  0.000E+00
  2.080E-01  2.440E-01  0.000E+00  0.000E+00
  2.440E-01  2.800E-01  0.000E+00  0.000E+00
  2.800E-01  3.160E-01  0.000E+00  0.000E+00
  3.160E-01  3.520E-01  0.000E+00  0.000E+00
  3.520E-01  3.880E-01  0.000E+00  0.000E+00
  3.880E-01  4.240E-01  0.000E+00  0.000E+00
  4.240E-01  4.600E-01  0.000E+00  0.000E+00
  4.600E-01  4.960E-01  0.000E+00  0.000E+00
  4.960E-01  5.320E-01  0.000E+00  0.000E+00
  5.320E-01  5.680E-01  0.000E+00  0.000E+00
  5.680E-01  6.040E-01  0.000E+00  0.000E+00
  6.040E-01  6.400E-01  0.000E+00  0.000E+00
  6.400E-01  6.760E-01  0.000E+00  0.000E+00
  6.760E-01  7.120E-01  0.000E+00  0.000E+00
  7.120E-01  7.480E-01  0.000E+00  0.000E+00
  7.480E-01  7.840E-01  0.000E+00  0.000E+00
  7.840E-01  8.200E-01  0.000E+00  0.000E+00
  8.200E-01  8.560E-01  0.000E+00  0.000E+00
  8.560E-01  8.920E-01  0.000E+00  0.000E+00
  8.920E-01  9.280E-01  0.000E+00  0.000E+00
  9.280E-01  9.640E-01  0.000E+00  0.000E+00
  9.640E-01  1.000E+00  0.000E+00  0.000E+00
  1.000E+00  1.000E+00  0.000E+00  0.000E+00

 # Block n:            3     1.0053097      :   1.5079646    
  1.000E-01  1.360E-01  0.000E+00  0.000E+00
  1.360E-01  1.720E-01  0.000E+00  0.000E+00
  1.720E-01  2.080E-01  0.000E+00  0.000E+00
  2.080E-01  2.440E-01  0.000E+00  0.000E+00
  2.440E-01  2.800E-01  0.000E+00  0.000E+00
  2.800E-01  3.160E-01  0.000E+00  0.000E+00
  3.160E-01  3.520E-01  0.000E+00  0.000E+00
  3.520E-01  3.880E-01  0.000E+00  0.000E+00
  3.880E-01  4.240E-01  0.000E+00  0.000E+00
  4.240E-01  4.600E-01  0.000E+00  0.000E+00
  4.600E-01  4.960E-01  0.000E+00  0.000E+00
  4.960E-01  5.320E-01  0.000E+00  0.000E+00
  5.320E-01  5.680E-01  0.000E+00  0.000E+00
  5.680E-01  6.040E-01  0.000E+00  0.000E+00
  6.040E-01  6.400E-01  0.000E+00  0.000E+00
  6.400E-01  6.760E-01  0.000E+00  0.000E+00
  6.760E-01  7.120E-01  0.000E+00  0.000E+00
  7.120E-01  7.480E-01  0.000E+00  0.000E+00
  7.480E-01  7.840E-01  0.000E+00  0.000E+00
  7.840E-01  8.200E-01  0.000E+00  0.000E+00
  8.200E-01  8.560E-01  0.000E+00  0.000E+00
  8.560E-01  8.920E-01  0.000E+00  0.000E+00
  8.920E-01  9.280E-01  0.000E+00  0.000E+00
  9.280E-01  9.640E-01  0.000E+00  0.000E+00
  9.640E-01  1.000E+00  0.000E+00  0.000E+00
  1.000E+00  1.000E+00  0.000E+00  0.000E+00

 # Block n:            4     1.5079646      :   2.0106194    
  1.000E-01  1.360E-01  0.000E+00  0.000E+00
  1.360E-01  1.720E-01  0.000E+00  0.000E+00
  1.720E-01  2.080E-01  0.000E+00  0.000E+00
  2.080E-01  2.440E-01  0.000E+00  0.000E+00
  2.440E-01  2.800E-01  0.000E+00  0.000E+00
  2.800E-01  3.160E-01  0.000E+00  0.000E+00
  3.160E-01  3.520E-01  0.000E+00  0.000E+00
  3.520E-01  3.880E-01  0.000E+00  0.000E+00
  3.880E-01  4.240E-01  0.000E+00  0.000E+00
  4.240E-01  4.600E-01  0.000E+00  0.000E+00
  4.600E-01  4.960E-01  0.000E+00  0.000E+00
  4.960E-01  5.320E-01  0.000E+00  0.000E+00
  5.320E-01  5.680E-01  0.000E+00  0.000E+00
  5.680E-01  6.040E-01  0.000E+00  0.000E+00
  6.040E-01  6.400E-01  0.000E+00  0.000E+00
  6.400E-01  6.760E-01  0.000E+00  0.000E+00
  6.760E-01  7.120E-01  0.000E+00  0.000E+00
  7.120E-01  7.480E-01  0.000E+00  0.000E+00
  7.480E-01  7.840E-01  0.000E+00  0.000E+00
  7.840E-01  8.200E-01  0.000E+00  0.000E+00
  8.200E-01  8.560E-01  0.000E+00  0.000E+00
  8.560E-01  8.920E-01  0.000E+00  0.000E+00
  8.920E-01  9.280E-01  0.000E+00  0.000E+00
  9.280E-01  9.640E-01  0.000E+00  0.000E+00
  9.640E-01  1.000E+00  0.000E+00  0.000E+00
  1.000E+00  1.000E+00  0.000E+00  0.000E+00

 # Block n:            5     2.0106194      :   2.5132742    
  1.000E-01  1.360E-01  0.000E+00  0.000E+00
  1.360E-01  1.720E-01  0.000E+00  0.000E+00
  1.720E-01  2.080E-01  0.000E+00  0.000E+00
  2.080E-01  2.440E-01  0.000E+00  0.000E+00
  2.440E-01  2.800E-01  0.000E+00  0.000E+00
  2.800E-01  3.160E-01  0.000E+00  0.000E+00
  3.160E-01  3.520E-01  0.000E+00  0.000E+00
  3.520E-01  3.880E-01  0.000E+00  0.000E+00
  3.880E-01  4.240E-01  0.000E+00  0.000E+00
  4.240E-01  4.600E-01  0.000E+00  0.000E+00
  4.600E-01  4.960E-01  0.000E+00  0.000E+00
  4.960E-01  5.320E-01  0.000E+00  0.000E+00
  5.320E-01  5.680E-01  0.000E+00  0.000E+00
  5.680E-01  6.040E-01  0.000E+00  0.000E+00
  6.040E-01  6.400E-01  0.000E+00  0.000E+00
  6.400E-01  6.760E-01  0.000E+00  0.000E+00
  6.760E-01  7.120E-01  0.000E+00  0.000E+00
  7.120E-01  7.480E-01  0.000E+00  0.000E+00
  7.480E-01  7.840E-01  0.000E+00  0.000E+00
  7.840E-01  8.200E-01  0.000E+00  0.000E+00
  8.200E-01  8.560E-01  0.000E+00  0.000E+00
  8.560E-01  8.920E-01  0.000E+00  0.000E+00
  8.920E-01  9.280E-01  0.000E+00  0.000E+00
  9.280E-01  9.640E-01  0.000E+00  0.000E+00
  9.640E-01  1.000E+00  0.000E+00  0.000E+00
  1.000E+00  1.000E+00  0.000E+00  0.000E+00

 # Block n:            6     2.5132742      :   3.0159292    
  1.000E-01  1.360E-01  0.000E+00  0.000E+00
  1.360E-01  1.720E-01  0.000E+00  0.000E+00
  1.720E-01  2.080E-01  0.000E+00  0.000E+00
  2.080E-01  2.440E-01  0.000E+00  0.000E+00
  2.440E-01  2.800E-01  0.000E+00  0.000E+00
  2.800E-01  3.160E-01  0.000E+00  0.000E+00
  3.160E-01  3.520E-01  0.000E+00  0.000E+00
  3.520E-01  3.880E-01  0.000E+00  0.000E+00
  3.880E-01  4.240E-01  0.000E+00  0.000E+00
  4.240E-01  4.600E-01  0.000E+00  0.000E+00
  4.600E-01  4.960E-01  0.000E+00  0.000E+00
  4.960E-01  5.320E-01  0.000E+00  0.000E+00
  5.320E-01  5.680E-01  0.000E+00  0.000E+00
  5.680E-01  6.040E-01  0.000E+00  0.000E+00
  6.040E-01  6.400E-01  0.000E+00  0.000E+00
  6.400E-01  6.760E-01  0.000E+00  0.000E+00
  6.760E-01  7.120E-01  0.000E+00  0.000E+00
  7.120E-01  7.480E-01  0.000E+00  0.000E+00
  7.480E-01  7.840E-01  0.000E+00  0.000E+00
  7.840E-01  8.200E-01  0.000E+00  0.000E+00
  8.200E-01  8.560E-01  0.000E+00  0.000E+00
  8.560E-01  8.920E-01  0.000E+00  0.000E+00
  8.920E-01  9.280E-01  0.000E+00  0.000E+00
  9.280E-01  9.640E-01  0.000E+00  0.000E+00
  9.640E-01  1.000E+00  0.000E+00  0.000E+00
  1.000E+00  1.000E+00  0.000E+00  0.000E+00

 # Block n:            7     3.0159292      :   3.5185840    
  1.000E-01  1.360E-01  0.000E+00  0.000E+00
  1.360E-01  1.720E-01  0.000E+00  0.000E+00
  1.720E-01  2.080E-01  0.000E+00  0.000E+00
  2.080E-01  2.440E-01  0.000E+00  0.000E+00
  2.440E-01  2.800E-01  0.000E+00  0.000E+00
  2.800E-01  3.160E-01  0.000E+00  0.000E+00
  3.160E-01  3.520E-01  0.000E+00  0.000E+00
  3.520E-01  3.880E-01  0.000E+00  0.000E+00
  3.880E-01  4.240E-01  0.000E+00  0.000E+00
  4.240E-01  4.600E-01  0.000E+00  0.000E+00
  4.600E-01  4.960E-01  0.000E+00  0.000E+00
  4.960E-01  5.320E-01  0.000E+00  0.000E+00
  5.320E-01  5.680E-01  0.000E+00  0.000E+00
  5.680E-01  6.040E-01  0.000E+00  0.000E+00
  6.040E-01  6.400E-01  0.000E+00  0.000E+00
  6.400E-01  6.760E-01  0.000E+00  0.000E+00
  6.760E-01  7.120E-01  0.000E+00  0.000E+00
  7.120E-01  7.480E-01  0.000E+00  0.000E+00
  7.480E-01  7.840E-01  0.000E+00  0.000E+00
  7.840E-01  8.200E-01  0.000E+00  0.000E+00
  8.200E-01  8.560E-01  0.000E+00  0.000E+00
  8.560E-01  8.920E-01  0.000E+00  0.000E+00
  8.920E-01  9.280E-01  0.000E+00  0.000E+00
  9.280E-01  9.640E-01  0.000E+00  0.000E+00
  9.640E-01  1.000E+00  0.000E+00  0.000E+00
  1.000E+00  1.000E+00  0.000E+00  0.000E+00

 # Block n:            8     3.5185840      :   4.0212388    
  1.000E-01  1.360E-01  0.000E+00  0.000E+00
  1.360E-01  1.720E-01  0.000E+00  0.000E+00
  1.720E-01  2.080E-01  0.000E+00  0.000E+00
  2.080E-01  2.440E-01  0.000E+00  0.000E+00
  2.440E-01  2.800E-01  0.000E+00  0.000E+00
  2.800E-01  3.160E-01  0.000E+00  0.000E+00
  3.160E-01  3.520E-01  0.000E+00  0.000E+00
  3.520E-01  3.880E-01  0.000E+00  0.000E+00
  3.880E-01  4.240E-01  0.000E+00  0.000E+00
  4.240E-01  4.600E-01  0.000E+00  0.000E+00
  4.600E-01  4.960E-01  0.000E+00  0.000E+00
  4.960E-01  5.320E-01  0.000E+00  0.000E+00
  5.320E-01  5.680E-01  0.000E+00  0.000E+00
  5.680E-01  6.040E-01  0.000E+00  0.000E+00
  6.040E-01  6.400E-01  0.000E+00  0.000E+00
  6.400E-01  6.760E-01  0.000E+00  0.000E+00
  6.760E-01  7.120E-01  0.000E+00  0.000E+00
  7.120E-01  7.480E-01  0.000E+00  0.000E+00
  7.480E-01  7.840E-01  0.000E+00  0.000E+00
  7.840E-01  8.200E-01  0.000E+00  0.000E+00
  8.200E-01  8.560E-01  0.000E+00  0.000E+00
  8.560E-01  8.920E-01  0.000E+00  0.000E+00
  8.920E-01  9.280E-01  0.000E+00  0.000E+00
  9.280E-01  9.640E-01  0.000E+00  0.000E+00
  9.640E-01  1.000E+00  0.000E+00  0.000E+00
  1.000E+00  1.000E+00  0.000E+00  0.000E+00

 # Block n:            9     4.0212388      :   4.5238938    
  1.000E-01  1.360E-01  0.000E+00  0.000E+00
  1.360E-01  1.720E-01  0.000E+00  0.000E+00
  1.720E-01  2.080E-01  0.000E+00  0.000E+00
  2.080E-01  2.440E-01  0.000E+00  0.000E+00
  2.440E-01  2.800E-01  0.000E+00  0.000E+00
  2.800E-01  3.160E-01  0.000E+00  0.000E+00
  3.160E-01  3.520E-01  0.000E+00  0.000E+00
  3.520E-01  3.880E-01  0.000E+00  0.000E+00
  3.880E-01  4.240E-01  0.000E+00  0.000E+00
  4.240E-01  4.600E-01  0.000E+00  0.000E+00
  4.600E-01  4.960E-01  0.000E+00  0.000E+00
  4.960E-01  5.320E-01  0.000E+00  0.000E+00
  5.320E-01  5.680E-01  0.000E+00  0.000E+00
  5.680E-01  6.040E-01  0.000E+00  0.000E+00
  6.040E-01  6.400E-01  0.000E+00  0.000E+00
  6.400E-01  6.760E-01  0.000E+00  0.000E+00
  6.760E-01  7.120E-01  0.000E+00  0.000E+00
  7.120E-01  7.480E-01  0.000E+00  0.000E+00
  7.480E-01  7.840E-01  0.000E+00  0.000E+00
  7.840E-01  8.200E-01  0.000E+00  0.000E+00
  8.200E-01  8.560E-01  0.000E+00  0.000E+00
  8.560E-01  8.920E-01  0.000E+00  0.000E+00
  8.920E-01  9.280E-01  0.000E+00  0.000E+00
  9.280E-01  9.640E-01  0.000E+00  0.000E+00
  9.640E-01  1.000E+00  0.000E+00  0.000E+00
  1.000E+00  1.000E+00  0.000E+00  0.000E+00

 # Block n:           10     4.5238938      :   5.0265484    
  1.000E-01  1.360E-01  0.000E+00  0.000E+00
  1.360E-01  1.720E-01  0.000E+00  0.000E+00
  1.720E-01  2.080E-01  0.000E+00  0.000E+00
  2.080E-01  2.440E-01  0.000E+00  0.000E+00
  2.440E-01  2.800E-01  0.000E+00  0.000E+00
  2.800E-01  3.160E-01  0.000E+00  0.000E+00
  3.160E-01  3.520E-01  0.000E+00  0.000E+00
  3.520E-01  3.880E-01  0.000E+00  0.000E+00
  3.880E-01  4.240E-01  0.000E+00  0.000E+00
  4.240E-01  4.600E-01  0.000E+00  0.000E+00
  4.600E-01  4.960E-01  0.000E+00  0.000E+00
  4.960E-01  5.320E-01  0.000E+00  0.000E+00
  5.320E-01  5.680E-01  0.000E+00  0.000E+00
  5.680E-01  6.040E-01  0.000E+00  0.000E+00
  6.040E-01  6.400E-01  0.000E+00  0.000E+00
  6.400E-01  6.760E-01  0.000E+00  0.000E+00
  6.760E-01  7.120E-01  0.000E+00  0.000E+00
  7.120E-01  7.480E-01  0.000E+00  0.000E+00
  7.480E-01  7.840E-01  0.000E+00  0.000E+00
  7.840E-01  8.200E-01  0.000E+00  0.000E+00
  8.200E-01  8.560E-01  0.000E+00  0.000E+00
  8.560E-01  8.920E-01  0.000E+00  0.000E+00
  8.920E-01  9.280E-01  0.000E+00  0.000E+00
  9.280E-01  9.640E-01  0.000E+00  0.000E+00
  9.640E-01  1.000E+00  0.000E+00  0.000E+00
  1.000E+00  1.000E+00  0.000E+00  0.000E+00

 # Block n:           11     5.0265484      :   5.5292034    
  1.000E-01  1.360E-01  0.000E+00  0.000E+00
  1.360E-01  1.720E-01  0.000E+00  0.000E+00
  1.720E-01  2.080E-01  0.000E+00  0.000E+00
  2.080E-01  2.440E-01  0.000E+00  0.000E+00
  2.440E-01  2.800E-01  0.000E+00  0.000E+00
  2.800E-01  3.160E-01  0.000E+00  0.000E+00
  3.160E-01  3.520E-01  0.000E+00  0.000E+00
  3.520E-01  3.880E-01  0.000E+00  0.000E+00
  3.880E-01  4.240E-01  0.000E+00  0.000E+00
  4.240E-01  4.600E-01  0.000E+00  0.000E+00
  4.600E-01  4.960E-01  0.000E+00  0.000E+00
  4.960E-01  5.320E-01  0.000E+00  0.000E+00
  5.320E-01  5.680E-01  0.000E+00  0.000E+00
  5.680E-01  6.040E-01  0.000E+00  0.000E+00
  6.040E-01  6.400E-01  0.000E+00  0.000E+00
  6.400E-01  6.760E-01  0.000E+00  0.000E+00
  6.760E-01  7.120E-01  0.000E+00  0.000E+00
  7.120E-01  7.480E-01  0.000E+00  0.000E+00
  7.480E-01  7.840E-01  0.000E+00  0.000E+00
  7.840E-01  8.200E-01  0.000E+00  0.000E+00
  8.200E-01  8.560E-01  0.000E+00  0.000E+00
  8.560E-01  8.920E-01  0.000E+00  0.000E+00
  8.920E-01  9.280E-01  0.000E+00  0.000E+00
  9.280E-01  9.640E-01  0.000E+00  0.000E+00
  9.640E-01  1.000E+00  0.000E+00  0.000E+00
  1.000E+00  1.000E+00  0.000E+00  0.000E+00

 # Block n:           12     5.5292034      :   6.0318584    
  1.000E-01  1.360E-01  0.000E+00  0.000E+00
  1.360E-01  1.720E-01  0.000E+00  0.000E+00
  1.720E-01  2.080E-01  0.000E+00  0.000E+00
  2.080E-01  2.440E-01  0.000E+00  0.000E+00
  2.440E-01  2.800E-01  0.000E+00  0.000E+00
  2.800E-01  3.160E-01  0.000E+00  0.000E+00
  3.160E-01  3.520E-01  0.000E+00  0.000E+00
  3.520E-01  3.880E-01  0.000E+00  0.000E+00
  3.880E-01  4.240E-01  0.000E+00  0.000E+00
  4.240E-01  4.600E-01  0.000E+00  0.000E+00
  4.600E-01  4.960E-01  0.000E+00  0.000E+00
  4.960E-01  5.320E-01  0.000E+00  0.000E+00
  5.320E-01  5.680E-01  0.000E+00  0.000E+00
  5.680E-01  6.040E-01  0.000E+00  0.000E+00
  6.040E-01  6.400E-01  0.000E+00  0.000E+00
  6.400E-01  6.760E-01  0.000E+00  0.000E+00
  6.760E-01  7.120E-01  0.000E+00  0.000E+00
  7.120E-01  7.480E-01  0.000E+00  0.000E+00
  7.480E-01  7.840E-01  0.000E+00  0.000E+00
  7.840E-01  8.200E-01  0.000E+00  0.000E+00
  8.200E-01  8.560E-01  0.000E+00  0.000E+00
  8.560E-01  8.920E-01  0.000E+00  0.000E+00
  8.920E-01  9.280E-01  0.000E+00  0.000E+00
  9.280E-01  9.640E-01  0.000E+00  0.000E+00
  9.640E-01  1.000E+00  0.000E+00  0.000E+00
  1.000E+00  1.000E+00  0.000E+00  0.000E+00

 # Block n:           13     6.0318584      :   6.5345130    
  1.000E-01  1.360E-01  0.000E+00  0.000E+00
  1.360E-01  1.720E-01  0.000E+00  0.000E+00
  1.720E-01  2.080E-01  0.000E+00  0.000E+00
  2.080E-01  2.440E-01  0.000E+00  0.000E+00
  2.440E-01  2.800E-01  0.000E+00  0.000E+00
  2.800E-01  3.160E-01  0.000E+00  0.000E+00
  3.160E-01  3.520E-01  0.000E+00  0.000E+00
  3.520E-01  3.880E-01  0.000E+00  0.000E+00
  3.880E-01  4.240E-01  0.000E+00  0.000E+00
  4.240E-01  4.600E-01  0.000E+00  0.000E+00
  4.600E-01  4.960E-01  0.000E+00  0.000E+00
  4.960E-01  5.320E-01  0.000E+00  0.000E+00
  5.320E-01  5.680E-01  0.000E+00  0.000E+00
  5.680E-01  6.040E-01  0.000E+00  0.000E+00
  6.040E-01  6.400E-01  0.000E+00  0.000E+00
  6.400E-01  6.760E-01  0.000E+00  0.000E+00
  6.760E-01  7.120E-01  0.000E+00  0.000E+00
  7.120E-01  7.480E-01  0.000E+00  0.000E+00
  7.480E-01  7.840E-01  0.000E+00  0.000E+00
  7.840E-01  8.200E-01  0.000E+00  0.000E+00
  8.200E-01  8.560E-01  0.000E+00  0.000E+00
  8.560E-01  8.920E-01  0.000E+00  0.000E+00
  8.920E-01  9.280E-01  0.000E+00  0.000E+00
  9.280E-01  9.640E-01  0.000E+00  0.000E+00
  9.640E-01  1.000E+00  0.000E+00  0.000E+00
  1.000E+00  1.000E+00  0.000E+00  0.000E+00

 # Block n:           14     6.5345130      :   7.0371680    
  1.000E-01  1.360E-01  1.630E-04  9.900E+01
  1.360E-01  1.720E-01  3.796E-04  2.679E+01
  1.720E-01  2.080E-01  8.288E-05  9.900E+01
  2.080E-01  2.440E-01  0.000E+00  0.000E+00
  2.440E-01  2.800E-01  0.000E+00  0.000E+00
  2.800E-01  3.160E-01  0.000E+00  0.000E+00
  3.160E-01  3.520E-01  0.000E+00  0.000E+00
  3.520E-01  3.880E-01  0.000E+00  0.000E+00
  3.880E-01  4.240E-01  0.000E+00  0.000E+00
  4.240E-01  4.600E-01  0.000E+00  0.000E+00
  4.600E-01  4.960E-01  0.000E+00  0.000E+00
  4.960E-01  5.320E-01  0.000E+00  0.000E+00
  5.320E-01  5.680E-01  0.000E+00  0.000E+00
  5.680E-01  6.040E-01  0.000E+00  0.000E+00
  6.040E-01  6.400E-01  0.000E+00  0.000E+00
  6.400E-01  6.760E-01  0.000E+00  0.000E+00
  6.760E-01  7.120E-01  0.000E+00  0.000E+00
  7.120E-01  7.480E-01  0.000E+00  0.000E+00
  7.480E-01  7.840E-01  0.000E+00  0.000E+00
  7.840E-01  8.200E-01  0.000E+00  0.000E+00
  8.200E-01  8.560E-01  0.000E+00  0.000E+00
  8.560E-01  8.920E-01  0.000E+00  0.000E+00
  8.920E-01  9.280E-01  0.000E+00  0.000E+00
  9.280E-01  9.640E-01  0.000E+00  0.000E+00
  9.640E-01  1.000E+00  0.000E+00  0.000E+00
  1.000E+00  1.000E+00  0.000E+00  0.000E+00

 # Block n:           15     7.0371680      :   7.5398226    
  1.000E-01  1.360E-01  6.244E-04  2.930E+01
  1.360E-01  1.720E-01  1.928E-04  2.208E+01
  1.720E-01  2.080E-01  1.449E-04  8.918E+00
  2.080E-01  2.440E-01  0.000E+00  0.000E+00
  2.440E-01  2.800E-01  0.000E+00  0.000E+00
  2.800E-01  3.160E-01  5.178E-05  9.900E+01
  3.160E-01  3.520E-01  0.000E+00  0.000E+00
  3.520E-01  3.880E-01  0.000E+00  0.000E+00
  3.880E-01  4.240E-01  0.000E+00  0.000E+00
  4.240E-01  4.600E-01  0.000E+00  0.000E+00
  4.600E-01  4.960E-01  0.000E+00  0.000E+00
  4.960E-01  5.320E-01  0.000E+00  0.000E+00
  5.320E-01  5.680E-01  0.000E+00  0.000E+00
  5.680E-01  6.040E-01  0.000E+00  0.000E+00
  6.040E-01  6.400E-01  0.000E+00  0.000E+00
  6.400E-01  6.760E-01  0.000E+00  0.000E+00
  6.760E-01  7.120E-01  0.000E+00  0.000E+00
  7.120E-01  7.480E-01  0.000E+00  0.000E+00
  7.480E-01  7.840E-01  0.000E+00  0.000E+00
  7.840E-01  8.200E-01  0.000E+00  0.000E+00
  8.200E-01  8.560E-01  0.000E+00  0.000E+00
  8.560E-01  8.920E-01  0.000E+00  0.000E+00
  8.920E-01  9.280E-01  0.000E+00  0.000E+00
  9.280E-01  9.640E-01  0.000E+00  0.000E+00
  9.640E-01  1.000E+00  0.000E+00  0.000E+00
  1.000E+00  1.000E+00  0.000E+00  0.000E+00

 # Block n:           16     7.5398226      :   8.0424776    
  1.000E-01  1.360E-01  5.579E-04  2.152E+01
  1.360E-01  1.720E-01  2.471E-04  1.173E+01
  1.720E-01  2.080E-01  1.983E-04  3.047E+01
  2.080E-01  2.440E-01  2.984E-05  9.900E+01
  2.440E-01  2.800E-01  0.000E+00  0.000E+00
  2.800E-01  3.160E-01  1.344E-04  2.241E+01
  3.160E-01  3.520E-01  3.593E-05  9.900E+01
  3.520E-01  3.880E-01  2.980E-05  9.900E+01
  3.880E-01  4.240E-01  0.000E+00  0.000E+00
  4.240E-01  4.600E-01  0.000E+00  0.000E+00
  4.600E-01  4.960E-01  0.000E+00  0.000E+00
  4.960E-01  5.320E-01  0.000E+00  0.000E+00
  5.320E-01  5.680E-01  0.000E+00  0.000E+00
  5.680E-01  6.040E-01  0.000E+00  0.000E+00
  6.040E-01  6.400E-01  0.000E+00  0.000E+00
  6.400E-01  6.760E-01  0.000E+00  0.000E+00
  6.760E-01  7.120E-01  0.000E+00  0.000E+00
  7.120E-01  7.480E-01  0.000E+00  0.000E+00
  7.480E-01  7.840E-01  0.000E+00  0.000E+00
  7.840E-01  8.200E-01  0.000E+00  0.000E+00
  8.200E-01  8.560E-01  0.000E+00  0.000E+00
  8.560E-01  8.920E-01  0.000E+00  0.000E+00
  8.920E-01  9.280E-01  0.000E+00  0.000E+00
  9.280E-01  9.640E-01  0.000E+00  0.000E+00
  9.640E-01  1.000E+00  0.000E+00  0.000E+00
  1.000E+00  1.000E+00  0.000E+00  0.000E+00

 # Block n:           17     8.0424776      :   8.5451326    
  1.000E-01  1.360E-01  6.607E-04  2.348E+01
  1.360E-01  1.720E-01  5.135E-04  6.791E+00
  1.720E-01  2.080E-01  1.453E-04  5.672E+01
  2.080E-01  2.440E-01  1.184E-04  5.225E+01
  2.440E-01  2.800E-01  1.425E-04  5.000E+01
  2.800E-01  3.160E-01  7.013E-05  5.668E+01
  3.160E-01  3.520E-01  0.000E+00  0.000E+00
  3.520E-01  3.880E-01  0.000E+00  0.000E+00
  3.880E-01  4.240E-01  0.000E+00  0.000E+00
  4.240E-01  4.600E-01  0.000E+00  0.000E+00
  4.600E-01  4.960E-01  0.000E+00  0.000E+00
  4.960E-01  5.320E-01  0.000E+00  0.000E+00
  5.320E-01  5.680E-01  0.000E+00  0.000E+00
  5.680E-01  6.040E-01  0.000E+00  0.000E+00
  6.040E-01  6.400E-01  0.000E+00  0.000E+00
  6.400E-01  6.760E-01  0.000E+00  0.000E+00
  6.760E-01  7.120E-01  0.000E+00  0.000E+00
  7.120E-01  7.480E-01  0.000E+00  0.000E+00
  7.480E-01  7.840E-01  0.000E+00  0.000E+00
  7.840E-01  8.200E-01  0.000E+00  0.000E+00
  8.200E-01  8.560E-01  0.000E+00  0.000E+00
  8.560E-01  8.920E-01  0.000E+00  0.000E+00
  8.920E-01  9.280E-01  0.000E+00  0.000E+00
  9.280E-01  9.640E-01  0.000E+00  0.000E+00
  9.640E-01  1.000E+00  0.000E+00  0.000E+00
  1.000E+00  1.000E+00  0.000E+00  0.000E+00

 # Block n:           18     8.5451326      :   9.0477877    
  1.000E-01  1.360E-01  4.402E-04  1.758E+01
  1.360E-01  1.720E-01  2.707E-04  5.204E+01
  1.720E-01  2.080E-01  2.345E-04  2.570E+01
  2.080E-01  2.440E-01  1.920E-04  1.074E+01
  2.440E-01  2.800E-01  1.188E-04  3.075E+01
  2.800E-01  3.160E-01  2.170E-05  9.900E+01
  3.160E-01  3.520E-01  7.701E-05  5.007E+01
  3.520E-01  3.880E-01  0.000E+00  0.000E+00
  3.880E-01  4.240E-01  2.019E-05  9.900E+01
  4.240E-01  4.600E-01  0.000E+00  0.000E+00
  4.600E-01  4.960E-01  0.000E+00  0.000E+00
  4.960E-01  5.320E-01  0.000E+00  0.000E+00
  5.320E-01  5.680E-01  0.000E+00  0.000E+00
  5.680E-01  6.040E-01  0.000E+00  0.000E+00
  6.040E-01  6.400E-01  0.000E+00  0.000E+00
  6.400E-01  6.760E-01  0.000E+00  0.000E+00
  6.760E-01  7.120E-01  0.000E+00  0.000E+00
  7.120E-01  7.480E-01  0.000E+00  0.000E+00
  7.480E-01  7.840E-01  0.000E+00  0.000E+00
  7.840E-01  8.200E-01  0.000E+00  0.000E+00
  8.200E-01  8.560E-01  0.000E+00  0.000E+00
  8.560E-01  8.920E-01  0.000E+00  0.000E+00
  8.920E-01  9.280E-01  0.000E+00  0.000E+00
  9.280E-01  9.640E-01  0.000E+00  0.000E+00
  9.640E-01  1.000E+00  0.000E+00  0.000E+00
  1.000E+00  1.000E+00  0.000E+00  0.000E+00

 # Block n:           19     9.0477877      :   9.5504417    
  1.000E-01  1.360E-01  8.447E-04  1.072E+01
  1.360E-01  1.720E-01  5.170E-04  1.713E+01
  1.720E-01  2.080E-01  4.969E-04  8.439E+00
  2.080E-01  2.440E-01  3.271E-04  9.038E+00
  2.440E-01  2.800E-01  1.738E-04  4.113E+01
  2.800E-01  3.160E-01  1.762E-04  2.317E+01
  3.160E-01  3.520E-01  1.420E-04  1.842E+01
  3.520E-01  3.880E-01  6.371E-05  6.608E+01
  3.880E-01  4.240E-01  4.743E-05  5.697E+01
  4.240E-01  4.600E-01  4.687E-05  5.728E+01
  4.600E-01  4.960E-01  4.806E-05  2.714E+00
  4.960E-01  5.320E-01  6.376E-05  5.008E+01
  5.320E-01  5.680E-01  3.166E-05  5.009E+01
  5.680E-01  6.040E-01  0.000E+00  0.000E+00
  6.040E-01  6.400E-01  0.000E+00  0.000E+00
  6.400E-01  6.760E-01  0.000E+00  0.000E+00
  6.760E-01  7.120E-01  0.000E+00  0.000E+00
  7.120E-01  7.480E-01  0.000E+00  0.000E+00
  7.480E-01  7.840E-01  4.634E-05  5.777E+01
  7.840E-01  8.200E-01  0.000E+00  0.000E+00
  8.200E-01  8.560E-01  0.000E+00  0.000E+00
  8.560E-01  8.920E-01  0.000E+00  0.000E+00
  8.920E-01  9.280E-01  0.000E+00  0.000E+00
  9.280E-01  9.640E-01  0.000E+00  0.000E+00
  9.640E-01  1.000E+00  0.000E+00  0.000E+00
  1.000E+00  1.000E+00  0.000E+00  0.000E+00

 # Block n:           20     9.5504417      :   10.053097    
  1.000E-01  1.360E-01  1.172E-03  1.663E+01
  1.360E-01  1.720E-01  9.712E-04  5.121E+00
  1.720E-01  2.080E-01  5.927E-04  7.098E+00
  2.080E-01  2.440E-01  4.936E-04  1.303E+01
  2.440E-01  2.800E-01  4.453E-04  1.337E+01
  2.800E-01  3.160E-01  4.319E-04  3.268E+00
  3.160E-01  3.520E-01  2.065E-04  3.477E+01
  3.520E-01  3.880E-01  1.240E-04  1.992E+01
  3.880E-01  4.240E-01  4.355E-05  5.774E+01
  4.240E-01  4.600E-01  9.590E-05  2.872E+01
  4.600E-01  4.960E-01  9.562E-05  3.866E+01
  4.960E-01  5.320E-01  4.389E-05  5.698E+01
  5.320E-01  5.680E-01  6.770E-05  2.086E+01
  5.680E-01  6.040E-01  0.000E+00  0.000E+00
  6.040E-01  6.400E-01  0.000E+00  0.000E+00
  6.400E-01  6.760E-01  2.715E-05  5.011E+01
  6.760E-01  7.120E-01  1.332E-05  9.900E+01
  7.120E-01  7.480E-01  1.396E-05  9.900E+01
  7.480E-01  7.840E-01  0.000E+00  0.000E+00
  7.840E-01  8.200E-01  0.000E+00  0.000E+00
  8.200E-01  8.560E-01  0.000E+00  0.000E+00
  8.560E-01  8.920E-01  0.000E+00  0.000E+00
  8.920E-01  9.280E-01  0.000E+00  0.000E+00
  9.280E-01  9.640E-01  0.000E+00  0.000E+00
  9.640E-01  1.000E+00  0.000E+00  0.000E+00
  1.000E+00  1.000E+00  0.000E+00  0.000E+00

 # Block n:           21     10.053097      :   10.555752    
  1.000E-01  1.360E-01  1.642E-03  9.032E+00
  1.360E-01  1.720E-01  1.249E-03  1.289E+01
  1.720E-01  2.080E-01  9.681E-04  7.319E+00
  2.080E-01  2.440E-01  7.865E-04  1.332E+01
  2.440E-01  2.800E-01  4.278E-04  1.496E+01
  2.800E-01  3.160E-01  4.627E-04  1.267E+01
  3.160E-01  3.520E-01  3.670E-04  1.907E+01
  3.520E-01  3.880E-01  2.903E-04  1.837E+01
  3.880E-01  4.240E-01  1.325E-04  1.881E+01
  4.240E-01  4.600E-01  1.829E-04  6.039E+01
  4.600E-01  4.960E-01  1.237E-04  2.685E+01
  4.960E-01  5.320E-01  1.368E-04  3.248E+01
  5.320E-01  5.680E-01  8.670E-05  3.602E+01
  5.680E-01  6.040E-01  2.442E-05  5.001E+01
  6.040E-01  6.400E-01  0.000E+00  0.000E+00
  6.400E-01  6.760E-01  2.432E-05  5.005E+01
  6.760E-01  7.120E-01  0.000E+00  0.000E+00
  7.120E-01  7.480E-01  1.233E-05  9.900E+01
  7.480E-01  7.840E-01  0.000E+00  0.000E+00
  7.840E-01  8.200E-01  0.000E+00  0.000E+00
  8.200E-01  8.560E-01  0.000E+00  0.000E+00
  8.560E-01  8.920E-01  0.000E+00  0.000E+00
  8.920E-01  9.280E-01  0.000E+00  0.000E+00
  9.280E-01  9.640E-01  0.000E+00  0.000E+00
  9.640E-01  1.000E+00  0.000E+00  0.000E+00
  1.000E+00  1.000E+00  0.000E+00  0.000E+00

 # Block n:           22     10.555752      :   11.058407    
  1.000E-01  1.360E-01  1.985E-03  1.233E+01
  1.360E-01  1.720E-01  1.456E-03  5.783E+00
  1.720E-01  2.080E-01  1.213E-03  1.313E+01
  2.080E-01  2.440E-01  1.007E-03  1.027E+01
  2.440E-01  2.800E-01  9.519E-04  6.226E+00
  2.800E-01  3.160E-01  6.186E-04  5.347E+00
  3.160E-01  3.520E-01  4.474E-04  9.024E+00
  3.520E-01  3.880E-01  4.704E-04  2.007E+01
  3.880E-01  4.240E-01  2.801E-04  1.675E+01
  4.240E-01  4.600E-01  1.536E-04  1.894E+01
  4.600E-01  4.960E-01  1.950E-04  2.521E+01
  4.960E-01  5.320E-01  8.633E-05  1.220E+01
  5.320E-01  5.680E-01  6.524E-05  2.847E+01
  5.680E-01  6.040E-01  3.339E-05  5.762E+01
  6.040E-01  6.400E-01  3.164E-05  5.788E+01
  6.400E-01  6.760E-01  0.000E+00  0.000E+00
  6.760E-01  7.120E-01  0.000E+00  0.000E+00
  7.120E-01  7.480E-01  0.000E+00  0.000E+00
  7.480E-01  7.840E-01  0.000E+00  0.000E+00
  7.840E-01  8.200E-01  0.000E+00  0.000E+00
  8.200E-01  8.560E-01  0.000E+00  0.000E+00
  8.560E-01  8.920E-01  0.000E+00  0.000E+00
  8.920E-01  9.280E-01  0.000E+00  0.000E+00
  9.280E-01  9.640E-01  0.000E+00  0.000E+00
  9.640E-01  1.000E+00  0.000E+00  0.000E+00
  1.000E+00  1.000E+00  0.000E+00  0.000E+00

 # Block n:           23     11.058407      :   11.561062    
  1.000E-01  1.360E-01  2.650E-03  9.296E+00
  1.360E-01  1.720E-01  2.148E-03  1.142E+01
  1.720E-01  2.080E-01  1.730E-03  7.978E+00
  2.080E-01  2.440E-01  1.124E-03  5.530E+00
  2.440E-01  2.800E-01  9.000E-04  5.979E+00
  2.800E-01  3.160E-01  6.612E-04  3.817E+00
  3.160E-01  3.520E-01  6.933E-04  7.825E+00
  3.520E-01  3.880E-01  4.097E-04  3.796E+00
  3.880E-01  4.240E-01  3.795E-04  2.061E+01
  4.240E-01  4.600E-01  1.748E-04  1.009E+01
  4.600E-01  4.960E-01  2.496E-04  3.047E+01
  4.960E-01  5.320E-01  1.747E-04  4.177E+01
  5.320E-01  5.680E-01  1.835E-04  3.788E+01
  5.680E-01  6.040E-01  5.840E-05  5.756E+01
  6.040E-01  6.400E-01  7.819E-05  4.562E+01
  6.400E-01  6.760E-01  6.702E-05  5.803E+01
  6.760E-01  7.120E-01  9.468E-06  9.900E+01
  7.120E-01  7.480E-01  9.476E-06  9.900E+01
  7.480E-01  7.840E-01  0.000E+00  0.000E+00
  7.840E-01  8.200E-01  0.000E+00  0.000E+00
  8.200E-01  8.560E-01  0.000E+00  0.000E+00
  8.560E-01  8.920E-01  0.000E+00  0.000E+00
  8.920E-01  9.280E-01  0.000E+00  0.000E+00
  9.280E-01  9.640E-01  0.000E+00  0.000E+00
  9.640E-01  1.000E+00  0.000E+00  0.000E+00
  1.000E+00  1.000E+00  0.000E+00  0.000E+00

 # Block n:           24     11.561062      :   12.063717    
  1.000E-01  1.360E-01  3.271E-03  2.891E+00
  1.360E-01  1.720E-01  2.591E-03  3.004E+00
  1.720E-01  2.080E-01  2.067E-03  3.527E+00
  2.080E-01  2.440E-01  1.532E-03  1.206E+01
  2.440E-01  2.800E-01  1.339E-03  6.490E+00
  2.800E-01  3.160E-01  1.233E-03  1.043E+01
  3.160E-01  3.520E-01  9.121E-04  5.373E+00
  3.520E-01  3.880E-01  8.051E-04  1.416E+01
  3.880E-01  4.240E-01  5.119E-04  1.207E+01
  4.240E-01  4.600E-01  5.954E-04  5.427E+00
  4.600E-01  4.960E-01  5.113E-04  1.532E+01
  4.960E-01  5.320E-01  5.183E-04  1.362E+01
  5.320E-01  5.680E-01  3.971E-04  9.691E+00
  5.680E-01  6.040E-01  5.094E-04  1.943E+01
  6.040E-01  6.400E-01  3.790E-04  2.003E+01
  6.400E-01  6.760E-01  3.600E-04  4.653E+00
  6.760E-01  7.120E-01  3.229E-04  2.430E+01
  7.120E-01  7.480E-01  1.385E-04  6.367E+00
  7.480E-01  7.840E-01  5.196E-05  2.886E+01
  7.840E-01  8.200E-01  8.802E-05  2.645E+01
  8.200E-01  8.560E-01  6.035E-05  2.869E+01
  8.560E-01  8.920E-01  3.419E-05  5.000E+01
  8.920E-01  9.280E-01  0.000E+00  0.000E+00
  9.280E-01  9.640E-01  0.000E+00  0.000E+00
  9.640E-01  1.000E+00  0.000E+00  0.000E+00
  1.000E+00  1.000E+00  0.000E+00  0.000E+00

 # Block n:           25     12.063717      :   12.566371    
  1.000E-01  1.360E-01  4.786E-03  2.486E+00
  1.360E-01  1.720E-01  3.722E-03  2.095E+00
  1.720E-01  2.080E-01  2.804E-03  7.627E+00
  2.080E-01  2.440E-01  2.125E-03  6.879E+00
  2.440E-01  2.800E-01  1.647E-03  8.277E+00
  2.800E-01  3.160E-01  1.638E-03  6.956E+00
  3.160E-01  3.520E-01  1.507E-03  4.941E+00
  3.520E-01  3.880E-01  1.474E-03  5.317E+00
  3.880E-01  4.240E-01  1.332E-03  7.937E+00
  4.240E-01  4.600E-01  1.220E-03  2.551E+00
  4.600E-01  4.960E-01  1.236E-03  1.586E+01
  4.960E-01  5.320E-01  1.084E-03  8.079E+00
  5.320E-01  5.680E-01  1.034E-03  6.236E+00
  5.680E-01  6.040E-01  8.536E-04  1.170E+01
  6.040E-01  6.400E-01  9.511E-04  5.611E+00
  6.400E-01  6.760E-01  1.110E-03  1.074E+01
  6.760E-01  7.120E-01  1.123E-03  2.176E+00
  7.120E-01  7.480E-01  1.259E-03  1.117E+01
  7.480E-01  7.840E-01  1.533E-03  1.811E+00
  7.840E-01  8.200E-01  1.713E-03  1.088E+01
  8.200E-01  8.560E-01  8.172E-03  1.898E+00
  8.560E-01  8.920E-01  5.361E-02  2.155E-01
  8.920E-01  9.280E-01  1.273E-04  1.242E+01
  9.280E-01  9.640E-01  5.499E-05  1.425E+01
  9.640E-01  1.000E+00  7.818E-06  9.900E+01
  1.000E+00  1.000E+00  0.000E+00  0.000E+00

  1.000E-01  1.257E+01  0.000E+00  0.000E+00
  1.360E-01  1.257E+01  0.000E+00  0.000E+00
  1.720E-01  1.257E+01  0.000E+00  0.000E+00
  2.080E-01  1.257E+01  0.000E+00  0.000E+00
  2.440E-01  1.257E+01  0.000E+00  0.000E+00
  2.800E-01  1.257E+01  0.000E+00  0.000E+00
  3.160E-01  1.257E+01  0.000E+00  0.000E+00
  3.520E-01  1.257E+01  0.000E+00  0.000E+00
  3.880E-01  1.257E+01  0.000E+00  0.000E+00
  4.240E-01  1.257E+01  0.000E+00  0.000E+00
  4.600E-01  1.257E+01  0.000E+00  0.000E+00
  4.960E-01  1.257E+01  0.000E+00  0.000E+00
  5.320E-01  1.257E+01  0.000E+00  0.000E+00
  5.680E-01  1.257E+01  0.000E+00  0.000E+00
  6.040E-01  1.257E+01  0.000E+00  0.000E+00
  6.400E-01  1.257E+01  0.000E+00  0.000E+00
  6.760E-01  1.257E+01  0.000E+00  0.000E+00
  7.120E-01  1.257E+01  0.000E+00  0.000E+00
  7.480E-01  1.257E+01  0.000E+00  0.000E+00
  7.840E-01  1.257E+01  0.000E+00  0.000E+00
  8.200E-01  1.257E+01  0.000E+00  0.000E+00
  8.560E-01  1.257E+01  0.000E+00  0.000E+00
  8.920E-01  1.257E+01  0.000E+00  0.000E+00
  9.280E-01  1.257E+01  0.000E+00  0.000E+00
  9.640E-01  1.257E+01  0.000E+00  0.000E+00
  1.000E+00  1.257E+01  0.000E+00  0.000E+00


 # Detector n:            2   BDXdoubE  (integrated over solid angle)
 # N. of energy intervals          25
  1.000E-01  1.360E-01  1.108E-03  1.434E+00
  1.360E-01  1.720E-01  1.097E-03  3.772E+00
  1.720E-01  2.080E-01  1.019E-03  3.057E+00
  2.080E-01  2.440E-01  8.747E-04  4.718E+00
  2.440E-01  2.800E-01  8.064E-04  4.168E+00
  2.800E-01  3.160E-01  8.220E-04  1.174E+00
  3.160E-01  3.520E-01  7.341E-04  3.340E+00
  3.520E-01  3.880E-01  6.800E-04  4.949E+00
  3.880E-01  4.240E-01  5.593E-04  8.802E+00
  4.240E-01  4.600E-01  5.475E-04  7.214E+00
  4.600E-01  4.960E-01  5.906E-04  1.118E+01
  4.960E-01  5.320E-01  5.445E-04  8.927E+00
  5.320E-01  5.680E-01  5.156E-04  3.178E+00
  5.680E-01  6.040E-01  4.361E-04  1.023E+01
  6.040E-01  6.400E-01  4.493E-04  8.616E+00
  6.400E-01  6.760E-01  5.251E-04  9.399E+00
  6.760E-01  7.120E-01  5.117E-04  6.264E+00
  7.120E-01  7.480E-01  5.260E-04  9.478E+00
  7.480E-01  7.840E-01  6.269E-04  3.833E+00
  7.840E-01  8.200E-01  7.270E-04  1.019E+01
  8.200E-01  8.560E-01  3.519E-03  2.020E+00
  8.560E-01  8.920E-01  2.325E-02  2.427E-01
  8.920E-01  9.280E-01  5.808E-05  1.213E+01
  9.280E-01  9.640E-01  2.631E-05  1.403E+01
  9.640E-01  1.000E+00  3.839E-06  9.900E+01


 # double differential distributions
 # number of solid angle intervals          25
 # Block n:            1     0.0000000      :  0.50265485    
  1.000E-01  1.360E-01  0.000E+00  0.000E+00
  1.360E-01  1.720E-01  0.000E+00  0.000E+00
  1.720E-01  2.080E-01  0.000E+00  0.000E+00
  2.080E-01  2.440E-01  0.000E+00  0.000E+00
  2.440E-01  2.800E-01  0.000E+00  0.000E+00
  2.800E-01  3.160E-01  0.000E+00  0.000E+00
  3.160E-01  3.520E-01  0.000E+00  0.000E+00
  3.520E-01  3.880E-01  0.000E+00  0.000E+00
  3.880E-01  4.240E-01  0.000E+00  0.000E+00
  4.240E-01  4.600E-01  0.000E+00  0.000E+00
  4.600E-01  4.960E-01  0.000E+00  0.000E+00
  4.960E-01  5.320E-01  0.000E+00  0.000E+00
  5.320E-01  5.680E-01  0.000E+00  0.000E+00
  5.680E-01  6.040E-01  0.000E+00  0.000E+00
  6.040E-01  6.400E-01  0.000E+00  0.000E+00
  6.400E-01  6.760E-01  0.000E+00  0.000E+00
  6.760E-01  7.120E-01  0.000E+00  0.000E+00
  7.120E-01  7.480E-01  0.000E+00  0.000E+00
  7.480E-01  7.840E-01  0.000E+00  0.000E+00
  7.840E-01  8.200E-01  0.000E+00  0.000E+00
  8.200E-01  8.560E-01  0.000E+00  0.000E+00
  8.560E-01  8.920E-01  0.000E+00  0.000E+00
  8.920E-01  9.280E-01  0.000E+00  0.000E+00
  9.280E-01  9.640E-01  0.000E+00  0.000E+00
  9.640E-01  1.000E+00  0.000E+00  0.000E+00
  1.000E+00  1.000E+00  0.000E+00  0.000E+00

 # Block n:            2    0.50265485      :   1.0053097    
  1.000E-01  1.360E-01  0.000E+00  0.000E+00
  1.360E-01  1.720E-01  0.000E+00  0.000E+00
  1.720E-01  2.080E-01  0.000E+00  0.000E+00
  2.080E-01  2.440E-01  0.000E+00  0.000E+00
  2.440E-01  2.800E-01  0.000E+00  0.000E+00
  2.800E-01  3.160E-01  0.000E+00  0.000E+00
  3.160E-01  3.520E-01  0.000E+00  0.000E+00
  3.520E-01  3.880E-01  0.000E+00  0.000E+00
  3.880E-01  4.240E-01  0.000E+00  0.000E+00
  4.240E-01  4.600E-01  0.000E+00  0.000E+00
  4.600E-01  4.960E-01  0.000E+00  0.000E+00
  4.960E-01  5.320E-01  0.000E+00  0.000E+00
  5.320E-01  5.680E-01  0.000E+00  0.000E+00
  5.680E-01  6.040E-01  0.000E+00  0.000E+00
  6.040E-01  6.400E-01  0.000E+00  0.000E+00
  6.400E-01  6.760E-01  0.000E+00  0.000E+00
  6.760E-01  7.120E-01  0.000E+00  0.000E+00
  7.120E-01  7.480E-01  0.000E+00  0.000E+00
  7.480E-01  7.840E-01  0.000E+00  0.000E+00
  7.840E-01  8.200E-01  0.000E+00  0.000E+00
  8.200E-01  8.560E-01  0.000E+00  0.000E+00
  8.560E-01  8.920E-01  0.000E+00  0.000E+00
  8.920E-01  9.280E-01  0.000E+00  0.000E+00
  9.280E-01  9.640E-01  0.000E+00  0.000E+00
  9.640E-01  1.000E+00  0.000E+00  0.000E+00
  1.000E+00  1.000E+00  0.000E+00  0.000E+00

 # Block n:            3     1.0053097      :   1.5079646    
  1.000E-01  1.360E-01  0.000E+00  0.000E+00
  1.360E-01  1.720E-01  0.000E+00  0.000E+00
  1.720E-01  2.080E-01  0.000E+00  0.000E+00
  2.080E-01  2.440E-01  0.000E+00  0.000E+00
  2.440E-01  2.800E-01  0.000E+00  0.000E+00
  2.800E-01  3.160E-01  0.000E+00  0.000E+00
  3.160E-01  3.520E-01  0.000E+00  0.000E+00
  3.520E-01  3.880E-01  0.000E+00  0.000E+00
  3.880E-01  4.240E-01  0.000E+00  0.000E+00
  4.240E-01  4.600E-01  0.000E+00  0.000E+00
  4.600E-01  4.960E-01  0.000E+00  0.000E+00
  4.960E-01  5.320E-01  0.000E+00  0.000E+00
  5.320E-01  5.680E-01  0.000E+00  0.000E+00
  5.680E-01  6.040E-01  0.000E+00  0.000E+00
  6.040E-01  6.400E-01  0.000E+00  0.000E+00
  6.400E-01  6.760E-01  0.000E+00  0.000E+00
  6.760E-01  7.120E-01  0.000E+00  0.000E+00
  7.120E-01  7.480E-01  0.000E+00  0.000E+00
  7.480E-01  7.840E-01  0.000E+00  0.000E+00
  7.840E-01  8.200E-01  0.000E+00  0.000E+00
  8.200E-01  8.560E-01  0.000E+00  0.000E+00
  8.560E-01  8.920E-01  0.000E+00  0.000E+00
  8.920E-01  9.280E-01  0.000E+00  0.000E+00
  9.280E-01  9.640E-01  0.000E+00  0.000E+00
  9.640E-01  1.000E+00  0.000E+00  0.000E+00
  1.000E+00  1.000E+00  0.000E+00  0.000E+00

 # Block n:            4     1.5079646      :   2.0106194    
  1.000E-01  1.360E-01  0.000E+00  0.000E+00
  1.360E-01  1.720E-01  0.000E+00  0.000E+00
  1.720E-01  2.080E-01  0.000E+00  0.000E+00
  2.080E-01  2.440E-01  0.000E+00  0.000E+00
  2.440E-01  2.800E-01  0.000E+00  0.000E+00
  2.800E-01  3.160E-01  0.000E+00  0.000E+00
  3.160E-01  3.520E-01  0.000E+00  0.000E+00
  3.520E-01  3.880E-01  0.000E+00  0.000E+00
  3.880E-01  4.240E-01  0.000E+00  0.000E+00
  4.240E-01  4.600E-01  0.000E+00  0.000E+00
  4.600E-01  4.960E-01  0.000E+00  0.000E+00
  4.960E-01  5.320E-01  0.000E+00  0.000E+00
  5.320E-01  5.680E-01  0.000E+00  0.000E+00
  5.680E-01  6.040E-01  0.000E+00  0.000E+00
  6.040E-01  6.400E-01  0.000E+00  0.000E+00
  6.400E-01  6.760E-01  0.000E+00  0.000E+00
  6.760E-01  7.120E-01  0.000E+00  0.000E+00
  7.120E-01  7.480E-01  0.000E+00  0.000E+00
  7.480E-01  7.840E-01  0.000E+00  0.000E+00
  7.840E-01  8.200E-01  0.000E+00  0.000E+00
  8.200E-01  8.560E-01  0.000E+00  0.000E+00
  8.560E-01  8.920E-01  0.000E+00  0.000E+00
  8.920E-01  9.280E-01  0.000E+00  0.000E+00
  9.280E-01  9.640E-01  0.000E+00  0.000E+00
  9.640E-01  1.000E+00  0.000E+00  0.000E+00
  1.000E+00  1.000E+00  0.000E+00  0.000E+00

 # Block n:            5     2.0106194      :   2.5132742    
  1.000E-01  1.360E-01  0.000E+00  0.000E+00
  1.360E-01  1.720E-01  0.000E+00  0.000E+00
  1.720E-01  2.080E-01  0.000E+00  0.000E+00
  2.080E-01  2.440E-01  0.000E+00  0.000E+00
  2.440E-01  2.800E-01  0.000E+00  0.000E+00
  2.800E-01  3.160E-01  0.000E+00  0.000E+00
  3.160E-01  3.520E-01  0.000E+00  0.000E+00
  3.520E-01  3.880E-01  0.000E+00  0.000E+00
  3.880E-01  4.240E-01  0.000E+00  0.000E+00
  4.240E-01  4.600E-01  0.000E+00  0.000E+00
  4.600E-01  4.960E-01  0.000E+00  0.000E+00
  4.960E-01  5.320E-01  0.000E+00  0.000E+00
  5.320E-01  5.680E-01  0.000E+00  0.000E+00
  5.680E-01  6.040E-01  0.000E+00  0.000E+00
  6.040E-01  6.400E-01  0.000E+00  0.000E+00
  6.400E-01  6.760E-01  0.000E+00  0.000E+00
  6.760E-01  7.120E-01  0.000E+00  0.000E+00
  7.120E-01  7.480E-01  0.000E+00  0.000E+00
  7.480E-01  7.840E-01  0.000E+00  0.000E+00
  7.840E-01  8.200E-01  0.000E+00  0.000E+00
  8.200E-01  8.560E-01  0.000E+00  0.000E+00
  8.560E-01  8.920E-01  0.000E+00  0.000E+00
  8.920E-01  9.280E-01  0.000E+00  0.000E+00
  9.280E-01  9.640E-01  0.000E+00  0.000E+00
  9.640E-01  1.000E+00  0.000E+00  0.000E+00
  1.000E+00  1.000E+00  0.000E+00  0.000E+00

 # Block n:            6     2.5132742      :   3.0159292    
  1.000E-01  1.360E-01  0.000E+00  0.000E+00
  1.360E-01  1.720E-01  0.000E+00  0.000E+00
  1.720E-01  2.080E-01  0.000E+00  0.000E+00
  2.080E-01  2.440E-01  0.000E+00  0.000E+00
  2.440E-01  2.800E-01  0.000E+00  0.000E+00
  2.800E-01  3.160E-01  0.000E+00  0.000E+00
  3.160E-01  3.520E-01  0.000E+00  0.000E+00
  3.520E-01  3.880E-01  0.000E+00  0.000E+00
  3.880E-01  4.240E-01  0.000E+00  0.000E+00
  4.240E-01  4.600E-01  0.000E+00  0.000E+00
  4.600E-01  4.960E-01  0.000E+00  0.000E+00
  4.960E-01  5.320E-01  0.000E+00  0.000E+00
  5.320E-01  5.680E-01  0.000E+00  0.000E+00
  5.680E-01  6.040E-01  0.000E+00  0.000E+00
  6.040E-01  6.400E-01  0.000E+00  0.000E+00
  6.400E-01  6.760E-01  0.000E+00  0.000E+00
  6.760E-01  7.120E-01  0.000E+00  0.000E+00
  7.120E-01  7.480E-01  0.000E+00  0.000E+00
  7.480E-01  7.840E-01  0.000E+00  0.000E+00
  7.840E-01  8.200E-01  0.000E+00  0.000E+00
  8.200E-01  8.560E-01  0.000E+00  0.000E+00
  8.560E-01  8.920E-01  0.000E+00  0.000E+00
  8.920E-01  9.280E-01  0.000E+00  0.000E+00
  9.280E-01  9.640E-01  0.000E+00  0.000E+00
  9.640E-01  1.000E+00  0.000E+00  0.000E+00
  1.000E+00  1.000E+00  0.000E+00  0.000E+00

 # Block n:            7     3.0159292      :   3.5185840    
  1.000E-01  1.360E-01  0.000E+00  0.000E+00
  1.360E-01  1.720E-01  0.000E+00  0.000E+00
  1.720E-01  2.080E-01  0.000E+00  0.000E+00
  2.080E-01  2.440E-01  0.000E+00  0.000E+00
  2.440E-01  2.800E-01  0.000E+00  0.000E+00
  2.800E-01  3.160E-01  0.000E+00  0.000E+00
  3.160E-01  3.520E-01  0.000E+00  0.000E+00
  3.520E-01  3.880E-01  0.000E+00  0.000E+00
  3.880E-01  4.240E-01  0.000E+00  0.000E+00
  4.240E-01  4.600E-01  0.000E+00  0.000E+00
  4.600E-01  4.960E-01  0.000E+00  0.000E+00
  4.960E-01  5.320E-01  0.000E+00  0.000E+00
  5.320E-01  5.680E-01  0.000E+00  0.000E+00
  5.680E-01  6.040E-01  0.000E+00  0.000E+00
  6.040E-01  6.400E-01  0.000E+00  0.000E+00
  6.400E-01  6.760E-01  0.000E+00  0.000E+00
  6.760E-01  7.120E-01  0.000E+00  0.000E+00
  7.120E-01  7.480E-01  0.000E+00  0.000E+00
  7.480E-01  7.840E-01  0.000E+00  0.000E+00
  7.840E-01  8.200E-01  0.000E+00  0.000E+00
  8.200E-01  8.560E-01  0.000E+00  0.000E+00
  8.560E-01  8.920E-01  0.000E+00  0.000E+00
  8.920E-01  9.280E-01  0.000E+00  0.000E+00
  9.280E-01  9.640E-01  0.000E+00  0.000E+00
  9.640E-01  1.000E+00  0.000E+00  0.000E+00
  1.000E+00  1.000E+00  0.000E+00  0.000E+00

 # Block n:            8     3.5185840      :   4.0212388    
  1.000E-01  1.360E-01  0.000E+00  0.000E+00
  1.360E-01  1.720E-01  0.000E+00  0.000E+00
  1.720E-01  2.080E-01  0.000E+00  0.000E+00
  2.080E-01  2.440E-01  0.000E+00  0.000E+00
  2.440E-01  2.800E-01  0.000E+00  0.000E+00
  2.800E-01  3.160E-01  0.000E+00  0.000E+00
  3.160E-01  3.520E-01  0.000E+00  0.000E+00
  3.520E-01  3.880E-01  0.000E+00  0.000E+00
  3.880E-01  4.240E-01  0.000E+00  0.000E+00
  4.240E-01  4.600E-01  0.000E+00  0.000E+00
  4.600E-01  4.960E-01  0.000E+00  0.000E+00
  4.960E-01  5.320E-01  0.000E+00  0.000E+00
  5.320E-01  5.680E-01  0.000E+00  0.000E+00
  5.680E-01  6.040E-01  0.000E+00  0.000E+00
  6.040E-01  6.400E-01  0.000E+00  0.000E+00
  6.400E-01  6.760E-01  0.000E+00  0.000E+00
  6.760E-01  7.120E-01  0.000E+00  0.000E+00
  7.120E-01  7.480E-01  0.000E+00  0.000E+00
  7.480E-01  7.840E-01  0.000E+00  0.000E+00
  7.840E-01  8.200E-01  0.000E+00  0.000E+00
  8.200E-01  8.560E-01  0.000E+00  0.000E+00
  8.560E-01  8.920E-01  0.000E+00  0.000E+00
  8.920E-01  9.280E-01  0.000E+00  0.000E+00
  9.280E-01  9.640E-01  0.000E+00  0.000E+00
  9.640E-01  1.000E+00  0.000E+00  0.000E+00
  1.000E+00  1.000E+00  0.000E+00  0.000E+00

 # Block n:            9     4.0212388      :   4.5238938    
  1.000E-01  1.360E-01  0.000E+00  0.000E+00
  1.360E-01  1.720E-01  0.000E+00  0.000E+00
  1.720E-01  2.080E-01  0.000E+00  0.000E+00
  2.080E-01  2.440E-01  0.000E+00  0.000E+00
  2.440E-01  2.800E-01  0.000E+00  0.000E+00
  2.800E-01  3.160E-01  0.000E+00  0.000E+00
  3.160E-01  3.520E-01  0.000E+00  0.000E+00
  3.520E-01  3.880E-01  0.000E+00  0.000E+00
  3.880E-01  4.240E-01  0.000E+00  0.000E+00
  4.240E-01  4.600E-01  0.000E+00  0.000E+00
  4.600E-01  4.960E-01  0.000E+00  0.000E+00
  4.960E-01  5.320E-01  0.000E+00  0.000E+00
  5.320E-01  5.680E-01  0.000E+00  0.000E+00
  5.680E-01  6.040E-01  0.000E+00  0.000E+00
  6.040E-01  6.400E-01  0.000E+00  0.000E+00
  6.400E-01  6.760E-01  0.000E+00  0.000E+00
  6.760E-01  7.120E-01  0.000E+00  0.000E+00
  7.120E-01  7.480E-01  0.000E+00  0.000E+00
  7.480E-01  7.840E-01  0.000E+00  0.000E+00
  7.840E-01  8.200E-01  0.000E+00  0.000E+00
  8.200E-01  8.560E-01  0.000E+00  0.000E+00
  8.560E-01  8.920E-01  0.000E+00  0.000E+00
  8.920E-01  9.280E-01  0.000E+00  0.000E+00
  9.280E-01  9.640E-01  0.000E+00  0.000E+00
  9.640E-01  1.000E+00  0.000E+00  0.000E+00
  1.000E+00  1.000E+00  0.000E+00  0.000E+00

 # Block n:           10     4.5238938      :   5.0265484    
  1.000E-01  1.360E-01  0.000E+00  0.000E+00
  1.360E-01  1.720E-01  0.000E+00  0.000E+00
  1.720E-01  2.080E-01  0.000E+00  0.000E+00
  2.080E-01  2.440E-01  0.000E+00  0.000E+00
  2.440E-01  2.800E-01  0.000E+00  0.000E+00
  2.800E-01  3.160E-01  0.000E+00  0.000E+00
  3.160E-01  3.520E-01  0.000E+00  0.000E+00
  3.520E-01  3.880E-01  0.000E+00  0.000E+00
  3.880E-01  4.240E-01  0.000E+00  0.000E+00
  4.240E-01  4.600E-01  0.000E+00  0.000E+00
  4.600E-01  4.960E-01  0.000E+00  0.000E+00
  4.960E-01  5.320E-01  0.000E+00  0.000E+00
  5.320E-01  5.680E-01  0.000E+00  0.000E+00
  5.680E-01  6.040E-01  0.000E+00  0.000E+00
  6.040E-01  6.400E-01  0.000E+00  0.000E+00
  6.400E-01  6.760E-01  0.000E+00  0.000E+00
  6.760E-01  7.120E-01  0.000E+00  0.000E+00
  7.120E-01  7.480E-01  0.000E+00  0.000E+00
  7.480E-01  7.840E-01  0.000E+00  0.000E+00
  7.840E-01  8.200E-01  0.000E+00  0.000E+00
  8.200E-01  8.560E-01  0.000E+00  0.000E+00
  8.560E-01  8.920E-01  0.000E+00  0.000E+00
  8.920E-01  9.280E-01  0.000E+00  0.000E+00
  9.280E-01  9.640E-01  0.000E+00  0.000E+00
  9.640E-01  1.000E+00  0.000E+00  0.000E+00
  1.000E+00  1.000E+00  0.000E+00  0.000E+00

 # Block n:           11     5.0265484      :   5.5292034    
  1.000E-01  1.360E-01  0.000E+00  0.000E+00
  1.360E-01  1.720E-01  0.000E+00  0.000E+00
  1.720E-01  2.080E-01  0.000E+00  0.000E+00
  2.080E-01  2.440E-01  0.000E+00  0.000E+00
  2.440E-01  2.800E-01  0.000E+00  0.000E+00
  2.800E-01  3.160E-01  0.000E+00  0.000E+00
  3.160E-01  3.520E-01  0.000E+00  0.000E+00
  3.520E-01  3.880E-01  0.000E+00  0.000E+00
  3.880E-01  4.240E-01  0.000E+00  0.000E+00
  4.240E-01  4.600E-01  0.000E+00  0.000E+00
  4.600E-01  4.960E-01  0.000E+00  0.000E+00
  4.960E-01  5.320E-01  0.000E+00  0.000E+00
  5.320E-01  5.680E-01  0.000E+00  0.000E+00
  5.680E-01  6.040E-01  0.000E+00  0.000E+00
  6.040E-01  6.400E-01  0.000E+00  0.000E+00
  6.400E-01  6.760E-01  0.000E+00  0.000E+00
  6.760E-01  7.120E-01  0.000E+00  0.000E+00
  7.120E-01  7.480E-01  0.000E+00  0.000E+00
  7.480E-01  7.840E-01  0.000E+00  0.000E+00
  7.840E-01  8.200E-01  0.000E+00  0.000E+00
  8.200E-01  8.560E-01  0.000E+00  0.000E+00
  8.560E-01  8.920E-01  0.000E+00  0.000E+00
  8.920E-01  9.280E-01  0.000E+00  0.000E+00
  9.280E-01  9.640E-01  0.000E+00  0.000E+00
  9.640E-01  1.000E+00  0.000E+00  0.000E+00
  1.000E+00  1.000E+00  0.000E+00  0.000E+00

 # Block n:           12     5.5292034      :   6.0318584    
  1.000E-01  1.360E-01  0.000E+00  0.000E+00
  1.360E-01  1.720E-01  0.000E+00  0.000E+00
  1.720E-01  2.080E-01  0.000E+00  0.000E+00
  2.080E-01  2.440E-01  0.000E+00  0.000E+00
  2.440E-01  2.800E-01  0.000E+00  0.000E+00
  2.800E-01  3.160E-01  0.000E+00  0.000E+00
  3.160E-01  3.520E-01  0.000E+00  0.000E+00
  3.520E-01  3.880E-01  0.000E+00  0.000E+00
  3.880E-01  4.240E-01  0.000E+00  0.000E+00
  4.240E-01  4.600E-01  0.000E+00  0.000E+00
  4.600E-01  4.960E-01  0.000E+00  0.000E+00
  4.960E-01  5.320E-01  0.000E+00  0.000E+00
  5.320E-01  5.680E-01  0.000E+00  0.000E+00
  5.680E-01  6.040E-01  0.000E+00  0.000E+00
  6.040E-01  6.400E-01  0.000E+00  0.000E+00
  6.400E-01  6.760E-01  0.000E+00  0.000E+00
  6.760E-01  7.120E-01  0.000E+00  0.000E+00
  7.120E-01  7.480E-01  0.000E+00  0.000E+00
  7.480E-01  7.840E-01  0.000E+00  0.000E+00
  7.840E-01  8.200E-01  0.000E+00  0.000E+00
  8.200E-01  8.560E-01  0.000E+00  0.000E+00
  8.560E-01  8.920E-01  0.000E+00  0.000E+00
  8.920E-01  9.280E-01  0.000E+00  0.000E+00
  9.280E-01  9.640E-01  0.000E+00  0.000E+00
  9.640E-01  1.000E+00  0.000E+00  0.000E+00
  1.000E+00  1.000E+00  0.000E+00  0.000E+00

 # Block n:           13     6.0318584      :   6.5345130    
  1.000E-01  1.360E-01  0.000E+00  0.000E+00
  1.360E-01  1.720E-01  0.000E+00  0.000E+00
  1.720E-01  2.080E-01  0.000E+00  0.000E+00
  2.080E-01  2.440E-01  0.000E+00  0.000E+00
  2.440E-01  2.800E-01  0.000E+00  0.000E+00
  2.800E-01  3.160E-01  0.000E+00  0.000E+00
  3.160E-01  3.520E-01  0.000E+00  0.000E+00
  3.520E-01  3.880E-01  0.000E+00  0.000E+00
  3.880E-01  4.240E-01  0.000E+00  0.000E+00
  4.240E-01  4.600E-01  0.000E+00  0.000E+00
  4.600E-01  4.960E-01  0.000E+00  0.000E+00
  4.960E-01  5.320E-01  0.000E+00  0.000E+00
  5.320E-01  5.680E-01  0.000E+00  0.000E+00
  5.680E-01  6.040E-01  0.000E+00  0.000E+00
  6.040E-01  6.400E-01  0.000E+00  0.000E+00
  6.400E-01  6.760E-01  0.000E+00  0.000E+00
  6.760E-01  7.120E-01  0.000E+00  0.000E+00
  7.120E-01  7.480E-01  0.000E+00  0.000E+00
  7.480E-01  7.840E-01  0.000E+00  0.000E+00
  7.840E-01  8.200E-01  0.000E+00  0.000E+00
  8.200E-01  8.560E-01  0.000E+00  0.000E+00
  8.560E-01  8.920E-01  0.000E+00  0.000E+00
  8.920E-01  9.280E-01  0.000E+00  0.000E+00
  9.280E-01  9.640E-01  0.000E+00  0.000E+00
  9.640E-01  1.000E+00  0.000E+00  0.000E+00
  1.000E+00  1.000E+00  0.000E+00  0.000E+00

 # Block n:           14     6.5345130      :   7.0371680    
  1.000E-01  1.360E-01  2.061E-05  9.900E+01
  1.360E-01  1.720E-01  5.450E-05  2.863E+01
  1.720E-01  2.080E-01  1.521E-05  9.900E+01
  2.080E-01  2.440E-01  0.000E+00  0.000E+00
  2.440E-01  2.800E-01  0.000E+00  0.000E+00
  2.800E-01  3.160E-01  0.000E+00  0.000E+00
  3.160E-01  3.520E-01  0.000E+00  0.000E+00
  3.520E-01  3.880E-01  0.000E+00  0.000E+00
  3.880E-01  4.240E-01  0.000E+00  0.000E+00
  4.240E-01  4.600E-01  0.000E+00  0.000E+00
  4.600E-01  4.960E-01  0.000E+00  0.000E+00
  4.960E-01  5.320E-01  0.000E+00  0.000E+00
  5.320E-01  5.680E-01  0.000E+00  0.000E+00
  5.680E-01  6.040E-01  0.000E+00  0.000E+00
  6.040E-01  6.400E-01  0.000E+00  0.000E+00
  6.400E-01  6.760E-01  0.000E+00  0.000E+00
  6.760E-01  7.120E-01  0.000E+00  0.000E+00
  7.120E-01  7.480E-01  0.000E+00  0.000E+00
  7.480E-01  7.840E-01  0.000E+00  0.000E+00
  7.840E-01  8.200E-01  0.000E+00  0.000E+00
  8.200E-01  8.560E-01  0.000E+00  0.000E+00
  8.560E-01  8.920E-01  0.000E+00  0.000E+00
  8.920E-01  9.280E-01  0.000E+00  0.000E+00
  9.280E-01  9.640E-01  0.000E+00  0.000E+00
  9.640E-01  1.000E+00  0.000E+00  0.000E+00
  1.000E+00  1.000E+00  0.000E+00  0.000E+00

 # Block n:           15     7.0371680      :   7.5398226    
  1.000E-01  1.360E-01  7.261E-05  3.159E+01
  1.360E-01  1.720E-01  2.902E-05  2.239E+01
  1.720E-01  2.080E-01  2.899E-05  8.433E+00
  2.080E-01  2.440E-01  0.000E+00  0.000E+00
  2.440E-01  2.800E-01  0.000E+00  0.000E+00
  2.800E-01  3.160E-01  1.636E-05  9.900E+01
  3.160E-01  3.520E-01  0.000E+00  0.000E+00
  3.520E-01  3.880E-01  0.000E+00  0.000E+00
  3.880E-01  4.240E-01  0.000E+00  0.000E+00
  4.240E-01  4.600E-01  0.000E+00  0.000E+00
  4.600E-01  4.960E-01  0.000E+00  0.000E+00
  4.960E-01  5.320E-01  0.000E+00  0.000E+00
  5.320E-01  5.680E-01  0.000E+00  0.000E+00
  5.680E-01  6.040E-01  0.000E+00  0.000E+00
  6.040E-01  6.400E-01  0.000E+00  0.000E+00
  6.400E-01  6.760E-01  0.000E+00  0.000E+00
  6.760E-01  7.120E-01  0.000E+00  0.000E+00
  7.120E-01  7.480E-01  0.000E+00  0.000E+00
  7.480E-01  7.840E-01  0.000E+00  0.000E+00
  7.840E-01  8.200E-01  0.000E+00  0.000E+00
  8.200E-01  8.560E-01  0.000E+00  0.000E+00
  8.560E-01  8.920E-01  0.000E+00  0.000E+00
  8.920E-01  9.280E-01  0.000E+00  0.000E+00
  9.280E-01  9.640E-01  0.000E+00  0.000E+00
  9.640E-01  1.000E+00  0.000E+00  0.000E+00
  1.000E+00  1.000E+00  0.000E+00  0.000E+00

 # Block n:           16     7.5398226      :   8.0424776    
  1.000E-01  1.360E-01  6.542E-05  2.181E+01
  1.360E-01  1.720E-01  3.840E-05  1.330E+01
  1.720E-01  2.080E-01  3.772E-05  2.985E+01
  2.080E-01  2.440E-01  6.894E-06  9.900E+01
  2.440E-01  2.800E-01  0.000E+00  0.000E+00
  2.800E-01  3.160E-01  3.954E-05  2.190E+01
  3.160E-01  3.520E-01  1.168E-05  9.900E+01
  3.520E-01  3.880E-01  1.101E-05  9.900E+01
  3.880E-01  4.240E-01  0.000E+00  0.000E+00
  4.240E-01  4.600E-01  0.000E+00  0.000E+00
  4.600E-01  4.960E-01  0.000E+00  0.000E+00
  4.960E-01  5.320E-01  0.000E+00  0.000E+00
  5.320E-01  5.680E-01  0.000E+00  0.000E+00
  5.680E-01  6.040E-01  0.000E+00  0.000E+00
  6.040E-01  6.400E-01  0.000E+00  0.000E+00
  6.400E-01  6.760E-01  0.000E+00  0.000E+00
  6.760E-01  7.120E-01  0.000E+00  0.000E+00
  7.120E-01  7.480E-01  0.000E+00  0.000E+00
  7.480E-01  7.840E-01  0.000E+00  0.000E+00
  7.840E-01  8.200E-01  0.000E+00  0.000E+00
  8.200E-01  8.560E-01  0.000E+00  0.000E+00
  8.560E-01  8.920E-01  0.000E+00  0.000E+00
  8.920E-01  9.280E-01  0.000E+00  0.000E+00
  9.280E-01  9.640E-01  0.000E+00  0.000E+00
  9.640E-01  1.000E+00  0.000E+00  0.000E+00
  1.000E+00  1.000E+00  0.000E+00  0.000E+00

 # Block n:           17     8.0424776      :   8.5451326    
  1.000E-01  1.360E-01  7.762E-05  2.558E+01
  1.360E-01  1.720E-01  8.058E-05  6.421E+00
  1.720E-01  2.080E-01  2.683E-05  5.526E+01
  2.080E-01  2.440E-01  2.630E-05  5.257E+01
  2.440E-01  2.800E-01  3.632E-05  5.000E+01
  2.800E-01  3.160E-01  2.087E-05  5.706E+01
  3.160E-01  3.520E-01  0.000E+00  0.000E+00
  3.520E-01  3.880E-01  0.000E+00  0.000E+00
  3.880E-01  4.240E-01  0.000E+00  0.000E+00
  4.240E-01  4.600E-01  0.000E+00  0.000E+00
  4.600E-01  4.960E-01  0.000E+00  0.000E+00
  4.960E-01  5.320E-01  0.000E+00  0.000E+00
  5.320E-01  5.680E-01  0.000E+00  0.000E+00
  5.680E-01  6.040E-01  0.000E+00  0.000E+00
  6.040E-01  6.400E-01  0.000E+00  0.000E+00
  6.400E-01  6.760E-01  0.000E+00  0.000E+00
  6.760E-01  7.120E-01  0.000E+00  0.000E+00
  7.120E-01  7.480E-01  0.000E+00  0.000E+00
  7.480E-01  7.840E-01  0.000E+00  0.000E+00
  7.840E-01  8.200E-01  0.000E+00  0.000E+00
  8.200E-01  8.560E-01  0.000E+00  0.000E+00
  8.560E-01  8.920E-01  0.000E+00  0.000E+00
  8.920E-01  9.280E-01  0.000E+00  0.000E+00
  9.280E-01  9.640E-01  0.000E+00  0.000E+00
  9.640E-01  1.000E+00  0.000E+00  0.000E+00
  1.000E+00  1.000E+00  0.000E+00  0.000E+00

 # Block n:           18     8.5451326      :   9.0477877    
  1.000E-01  1.360E-01  5.188E-05  1.918E+01
  1.360E-01  1.720E-01  4.206E-05  5.176E+01
  1.720E-01  2.080E-01  4.443E-05  2.781E+01
  2.080E-01  2.440E-01  4.388E-05  1.139E+01
  2.440E-01  2.800E-01  3.045E-05  3.197E+01
  2.800E-01  3.160E-01  6.587E-06  9.900E+01
  3.160E-01  3.520E-01  2.580E-05  5.023E+01
  3.520E-01  3.880E-01  0.000E+00  0.000E+00
  3.880E-01  4.240E-01  8.120E-06  9.900E+01
  4.240E-01  4.600E-01  0.000E+00  0.000E+00
  4.600E-01  4.960E-01  0.000E+00  0.000E+00
  4.960E-01  5.320E-01  0.000E+00  0.000E+00
  5.320E-01  5.680E-01  0.000E+00  0.000E+00
  5.680E-01  6.040E-01  0.000E+00  0.000E+00
  6.040E-01  6.400E-01  0.000E+00  0.000E+00
  6.400E-01  6.760E-01  0.000E+00  0.000E+00
  6.760E-01  7.120E-01  0.000E+00  0.000E+00
  7.120E-01  7.480E-01  0.000E+00  0.000E+00
  7.480E-01  7.840E-01  0.000E+00  0.000E+00
  7.840E-01  8.200E-01  0.000E+00  0.000E+00
  8.200E-01  8.560E-01  0.000E+00  0.000E+00
  8.560E-01  8.920E-01  0.000E+00  0.000E+00
  8.920E-01  9.280E-01  0.000E+00  0.000E+00
  9.280E-01  9.640E-01  0.000E+00  0.000E+00
  9.640E-01  1.000E+00  0.000E+00  0.000E+00
  1.000E+00  1.000E+00  0.000E+00  0.000E+00

 # Block n:           19     9.0477877      :   9.5504417    
  1.000E-01  1.360E-01  9.958E-05  8.455E+00
  1.360E-01  1.720E-01  8.011E-05  1.789E+01
  1.720E-01  2.080E-01  9.395E-05  8.382E+00
  2.080E-01  2.440E-01  7.392E-05  7.542E+00
  2.440E-01  2.800E-01  4.475E-05  4.161E+01
  2.800E-01  3.160E-01  5.271E-05  2.377E+01
  3.160E-01  3.520E-01  4.705E-05  1.766E+01
  3.520E-01  3.880E-01  2.339E-05  6.638E+01
  3.880E-01  4.240E-01  1.911E-05  5.759E+01
  4.240E-01  4.600E-01  2.029E-05  5.769E+01
  4.600E-01  4.960E-01  2.264E-05  1.600E+00
  4.960E-01  5.320E-01  3.211E-05  5.005E+01
  5.320E-01  5.680E-01  1.751E-05  5.012E+01
  5.680E-01  6.040E-01  0.000E+00  0.000E+00
  6.040E-01  6.400E-01  0.000E+00  0.000E+00
  6.400E-01  6.760E-01  0.000E+00  0.000E+00
  6.760E-01  7.120E-01  0.000E+00  0.000E+00
  7.120E-01  7.480E-01  0.000E+00  0.000E+00
  7.480E-01  7.840E-01  3.493E-05  5.770E+01
  7.840E-01  8.200E-01  0.000E+00  0.000E+00
  8.200E-01  8.560E-01  0.000E+00  0.000E+00
  8.560E-01  8.920E-01  0.000E+00  0.000E+00
  8.920E-01  9.280E-01  0.000E+00  0.000E+00
  9.280E-01  9.640E-01  0.000E+00  0.000E+00
  9.640E-01  1.000E+00  0.000E+00  0.000E+00
  1.000E+00  1.000E+00  0.000E+00  0.000E+00

 # Block n:           20     9.5504417      :   10.053097    
  1.000E-01  1.360E-01  1.382E-04  1.594E+01
  1.360E-01  1.720E-01  1.465E-04  5.128E+00
  1.720E-01  2.080E-01  1.121E-04  7.546E+00
  2.080E-01  2.440E-01  1.108E-04  1.306E+01
  2.440E-01  2.800E-01  1.153E-04  1.361E+01
  2.800E-01  3.160E-01  1.278E-04  2.808E+00
  3.160E-01  3.520E-01  6.823E-05  3.496E+01
  3.520E-01  3.880E-01  4.637E-05  1.978E+01
  3.880E-01  4.240E-01  1.734E-05  5.657E+01
  4.240E-01  4.600E-01  4.203E-05  2.812E+01
  4.600E-01  4.960E-01  4.553E-05  4.018E+01
  4.960E-01  5.320E-01  2.251E-05  5.704E+01
  5.320E-01  5.680E-01  3.710E-05  2.030E+01
  5.680E-01  6.040E-01  0.000E+00  0.000E+00
  6.040E-01  6.400E-01  0.000E+00  0.000E+00
  6.400E-01  6.760E-01  1.803E-05  5.022E+01
  6.760E-01  7.120E-01  9.099E-06  9.900E+01
  7.120E-01  7.480E-01  9.977E-06  9.900E+01
  7.480E-01  7.840E-01  0.000E+00  0.000E+00
  7.840E-01  8.200E-01  0.000E+00  0.000E+00
  8.200E-01  8.560E-01  0.000E+00  0.000E+00
  8.560E-01  8.920E-01  0.000E+00  0.000E+00
  8.920E-01  9.280E-01  0.000E+00  0.000E+00
  9.280E-01  9.640E-01  0.000E+00  0.000E+00
  9.640E-01  1.000E+00  0.000E+00  0.000E+00
  1.000E+00  1.000E+00  0.000E+00  0.000E+00

 # Block n:           21     10.053097      :   10.555752    
  1.000E-01  1.360E-01  1.900E-04  9.972E+00
  1.360E-01  1.720E-01  1.912E-04  1.177E+01
  1.720E-01  2.080E-01  1.856E-04  7.628E+00
  2.080E-01  2.440E-01  1.765E-04  1.367E+01
  2.440E-01  2.800E-01  1.117E-04  1.448E+01
  2.800E-01  3.160E-01  1.373E-04  1.207E+01
  3.160E-01  3.520E-01  1.211E-04  1.949E+01
  3.520E-01  3.880E-01  1.065E-04  1.778E+01
  3.880E-01  4.240E-01  5.332E-05  1.875E+01
  4.240E-01  4.600E-01  7.985E-05  6.045E+01
  4.600E-01  4.960E-01  5.935E-05  2.657E+01
  4.960E-01  5.320E-01  6.976E-05  3.222E+01
  5.320E-01  5.680E-01  4.782E-05  3.616E+01
  5.680E-01  6.040E-01  1.441E-05  5.000E+01
  6.040E-01  6.400E-01  0.000E+00  0.000E+00
  6.400E-01  6.760E-01  1.586E-05  5.015E+01
  6.760E-01  7.120E-01  0.000E+00  0.000E+00
  7.120E-01  7.480E-01  9.029E-06  9.900E+01
  7.480E-01  7.840E-01  0.000E+00  0.000E+00
  7.840E-01  8.200E-01  0.000E+00  0.000E+00
  8.200E-01  8.560E-01  0.000E+00  0.000E+00
  8.560E-01  8.920E-01  0.000E+00  0.000E+00
  8.920E-01  9.280E-01  0.000E+00  0.000E+00
  9.280E-01  9.640E-01  0.000E+00  0.000E+00
  9.640E-01  1.000E+00  0.000E+00  0.000E+00
  1.000E+00  1.000E+00  0.000E+00  0.000E+00

 # Block n:           22     10.555752      :   11.058407    
  1.000E-01  1.360E-01  2.342E-04  1.196E+01
  1.360E-01  1.720E-01  2.232E-04  5.251E+00
  1.720E-01  2.080E-01  2.311E-04  1.331E+01
  2.080E-01  2.440E-01  2.285E-04  1.023E+01
  2.440E-01  2.800E-01  2.481E-04  6.204E+00
  2.800E-01  3.160E-01  1.824E-04  4.843E+00
  3.160E-01  3.520E-01  1.495E-04  8.753E+00
  3.520E-01  3.880E-01  1.744E-04  2.084E+01
  3.880E-01  4.240E-01  1.129E-04  1.707E+01
  4.240E-01  4.600E-01  6.760E-05  1.928E+01
  4.600E-01  4.960E-01  9.292E-05  2.511E+01
  4.960E-01  5.320E-01  4.336E-05  1.221E+01
  5.320E-01  5.680E-01  3.572E-05  2.918E+01
  5.680E-01  6.040E-01  1.959E-05  5.753E+01
  6.040E-01  6.400E-01  1.971E-05  5.796E+01
  6.400E-01  6.760E-01  0.000E+00  0.000E+00
  6.760E-01  7.120E-01  0.000E+00  0.000E+00
  7.120E-01  7.480E-01  0.000E+00  0.000E+00
  7.480E-01  7.840E-01  0.000E+00  0.000E+00
  7.840E-01  8.200E-01  0.000E+00  0.000E+00
  8.200E-01  8.560E-01  0.000E+00  0.000E+00
  8.560E-01  8.920E-01  0.000E+00  0.000E+00
  8.920E-01  9.280E-01  0.000E+00  0.000E+00
  9.280E-01  9.640E-01  0.000E+00  0.000E+00
  9.640E-01  1.000E+00  0.000E+00  0.000E+00
  1.000E+00  1.000E+00  0.000E+00  0.000E+00

 # Block n:           23     11.058407      :   11.561062    
  1.000E-01  1.360E-01  3.098E-04  1.031E+01
  1.360E-01  1.720E-01  3.282E-04  1.118E+01
  1.720E-01  2.080E-01  3.289E-04  8.656E+00
  2.080E-01  2.440E-01  2.515E-04  5.412E+00
  2.440E-01  2.800E-01  2.359E-04  6.805E+00
  2.800E-01  3.160E-01  1.970E-04  3.537E+00
  3.160E-01  3.520E-01  2.319E-04  7.809E+00
  3.520E-01  3.880E-01  1.516E-04  4.025E+00
  3.880E-01  4.240E-01  1.537E-04  2.067E+01
  4.240E-01  4.600E-01  7.710E-05  9.683E+00
  4.600E-01  4.960E-01  1.197E-04  3.084E+01
  4.960E-01  5.320E-01  8.954E-05  4.132E+01
  5.320E-01  5.680E-01  1.013E-04  3.726E+01
  5.680E-01  6.040E-01  3.417E-05  5.742E+01
  6.040E-01  6.400E-01  4.874E-05  4.648E+01
  6.400E-01  6.760E-01  4.386E-05  5.805E+01
  6.760E-01  7.120E-01  6.631E-06  9.900E+01
  7.120E-01  7.480E-01  7.003E-06  9.900E+01
  7.480E-01  7.840E-01  0.000E+00  0.000E+00
  7.840E-01  8.200E-01  0.000E+00  0.000E+00
  8.200E-01  8.560E-01  0.000E+00  0.000E+00
  8.560E-01  8.920E-01  0.000E+00  0.000E+00
  8.920E-01  9.280E-01  0.000E+00  0.000E+00
  9.280E-01  9.640E-01  0.000E+00  0.000E+00
  9.640E-01  1.000E+00  0.000E+00  0.000E+00
  1.000E+00  1.000E+00  0.000E+00  0.000E+00

 # Block n:           24     11.561062      :   12.063717    
  1.000E-01  1.360E-01  3.831E-04  3.321E+00
  1.360E-01  1.720E-01  3.982E-04  2.624E+00
  1.720E-01  2.080E-01  3.911E-04  3.361E+00
  2.080E-01  2.440E-01  3.446E-04  1.230E+01
  2.440E-01  2.800E-01  3.513E-04  6.567E+00
  2.800E-01  3.160E-01  3.684E-04  1.071E+01
  3.160E-01  3.520E-01  3.026E-04  5.088E+00
  3.520E-01  3.880E-01  2.961E-04  1.432E+01
  3.880E-01  4.240E-01  2.071E-04  1.167E+01
  4.240E-01  4.600E-01  2.626E-04  5.647E+00
  4.600E-01  4.960E-01  2.441E-04  1.519E+01
  4.960E-01  5.320E-01  2.668E-04  1.317E+01
  5.320E-01  5.680E-01  2.185E-04  9.856E+00
  5.680E-01  6.040E-01  2.980E-04  1.938E+01
  6.040E-01  6.400E-01  2.352E-04  2.011E+01
  6.400E-01  6.760E-01  2.362E-04  4.652E+00
  6.760E-01  7.120E-01  2.233E-04  2.444E+01
  7.120E-01  7.480E-01  1.017E-04  6.295E+00
  7.480E-01  7.840E-01  3.970E-05  2.867E+01
  7.840E-01  8.200E-01  7.026E-05  2.669E+01
  8.200E-01  8.560E-01  5.094E-05  2.886E+01
  8.560E-01  8.920E-01  2.937E-05  5.000E+01
  8.920E-01  9.280E-01  0.000E+00  0.000E+00
  9.280E-01  9.640E-01  0.000E+00  0.000E+00
  9.640E-01  1.000E+00  0.000E+00  0.000E+00
  1.000E+00  1.000E+00  0.000E+00  0.000E+00

 # Block n:           25     12.063717      :   12.566371    
  1.000E-01  1.360E-01  5.606E-04  2.252E+00
  1.360E-01  1.720E-01  5.706E-04  2.226E+00
  1.720E-01  2.080E-01  5.305E-04  7.799E+00
  2.080E-01  2.440E-01  4.773E-04  6.789E+00
  2.440E-01  2.800E-01  4.305E-04  8.315E+00
  2.800E-01  3.160E-01  4.863E-04  7.144E+00
  3.160E-01  3.520E-01  5.026E-04  4.974E+00
  3.520E-01  3.880E-01  5.433E-04  5.414E+00
  3.880E-01  4.240E-01  5.411E-04  7.865E+00
  4.240E-01  4.600E-01  5.397E-04  2.457E+00
  4.600E-01  4.960E-01  5.907E-04  1.600E+01
  4.960E-01  5.320E-01  5.593E-04  8.106E+00
  5.320E-01  5.680E-01  5.679E-04  6.233E+00
  5.680E-01  6.040E-01  5.014E-04  1.152E+01
  6.040E-01  6.400E-01  5.901E-04  5.662E+00
  6.400E-01  6.760E-01  7.308E-04  1.096E+01
  6.760E-01  7.120E-01  7.791E-04  2.324E+00
  7.120E-01  7.480E-01  9.187E-04  1.124E+01
  7.480E-01  7.840E-01  1.173E-03  1.900E+00
  7.840E-01  8.200E-01  1.376E-03  1.095E+01
  8.200E-01  8.560E-01  6.949E-03  1.878E+00
  8.560E-01  8.920E-01  4.622E-02  2.144E-01
  8.920E-01  9.280E-01  1.155E-04  1.213E+01
  9.280E-01  9.640E-01  5.233E-05  1.403E+01
  9.640E-01  1.000E+00  7.638E-06  9.900E+01
  1.000E+00  1.000E+00  0.000E+00  0.000E+00

  1.000E-01  1.257E+01  0.000E+00  0.000E+00
  1.360E-01  1.257E+01  0.000E+00  0.000E+00
  1.720E-01  1.257E+01  0.000E+00  0.000E+00
  2.080E-01  1.257E+01  0.000E+00  0.000E+00
  2.440E-01  1.257E+01  0.000E+00  0.000E+00
  2.800E-01  1.257E+01  0.000E+00  0.000E+00
  3.160E-01  1.257E+01  0.000E+00  0.000E+00
  3.520E-01  1.257E+01  0.000E+00  0.000E+00
  3.880E-01  1.257E+01  0.000E+00  0.000E+00
  4.240E-01  1.257E+01  0.000E+00  0.000E+00
  4.600E-01  1.257E+01  0.000E+00  0.000E+00
  4.960E-01  1.257E+01  0.000E+00  0.000E+00
  5.320E-01  1.257E+01  0.000E+00  0.000E+00
  5.680E-01  1.257E+01  0.000E+00  0.000E+00
  6.040E-01  1.257E+01  0.000E+00  0.000E+00
  6.400E-01  1.257E+01  0.000E+00  0.000E+00
  6.760E-01  1.257E+01  0.000E+00  0.000E+00
  7.120E-01  1.257E+01  0.000E+00  0.000E+00
  7.480E-01  1.257E+01  0.000E+00  0.000E+00
  7.840E-01  1.257E+01  0.000E+00  0.000E+00
  8.200E-01  1.257E+01  0.000E+00  0.000E+00
  8.560E-01  1.257E+01  0.000E+00  0.000E+00
  8.920E-01  1.257E+01  0.000E+00  0.000E+00
  9.280E-01  1.257E+01  0.000E+00  0.000E+00
  9.640E-01  1.257E+01  0.000E+00  0.000E+00
  1.000E+00  1.257E+01  0.000E+00  0.000E+00
