  **** demo_22.bnx ****

                                                                                  

  Total primaries run:           15000
   Total weight of the primaries run:   15000.000    


  Detector n:            1 (           1 )  BDXsing   
     (Area:            471.23889      cmq,
      distr. scored:         201    ,
      from reg.           2  to            3 ,
      two ways scoring,
      fluence scoring scoring)

     Tot. resp. (Part/cmq/pr)  2.8180180E-03  +/-  0.4169396     %
     ( -->      (Part/pr)       1.327960      +/-  0.4169396     % )

  **** Different. Fluxes as a function of energy **** ****      (integrated over solid angle)        ****


  Energy boundaries (GeV):

   1.000000      0.9640000      0.9280000      0.8920000      0.8560000    
  0.8200000      0.7840000      0.7480000      0.7120000      0.6760000    
  0.6400000      0.6040000      0.5680000      0.5320000      0.4960000    
  0.4600000      0.4240000      0.3880000      0.3520000      0.3160000    
  0.2800000      0.2440000      0.2080000      0.1720000      0.1360000    
  Lowest boundary   (GeV):  0.1000000    

  Flux (Part/GeV/cmq/pr):

  3.9297829E-06 +/-    99.00000     %   2.7642573E-05 +/-    14.25368     % 
  6.3990017E-05 +/-    12.41996     %   2.6965328E-02 +/-   0.2438244     % 
  4.1381274E-03 +/-    2.037912     %   9.0511591E-04 +/-    10.11775     % 
  8.2015881E-04 +/-    3.777946     %   7.2040234E-04 +/-    9.435189     % 
  7.3810911E-04 +/-    6.120747     %   7.9851161E-04 +/-    9.252619     % 
  7.2378590E-04 +/-    8.644658     %   7.4354169E-04 +/-    10.38414     % 
  9.3798450E-04 +/-    3.209952     %   1.0595182E-03 +/-    9.002995     % 
  1.2360213E-03 +/-    11.21013     %   1.2413053E-03 +/-    7.290930     % 
  1.3810577E-03 +/-    8.898395     %   1.8431094E-03 +/-    4.865796     % 
  2.2057549E-03 +/-    3.370568     %   2.7648613E-03 +/-    1.162330     % 
  3.0892715E-03 +/-    4.077265     %   3.8884678E-03 +/-    4.679913     % 
  5.3671314E-03 +/-    2.866364     %   7.1668159E-03 +/-    4.108749     % 
  9.4483383E-03 +/-    1.213481     % 


  **** Cumulative Fluxes as a function of energy **** ****      (integrated over solid angle)        ****


  Energy boundaries (GeV):

   1.000000      0.9640000      0.9280000      0.8920000      0.8560000    
  0.8200000      0.7840000      0.7480000      0.7120000      0.6760000    
  0.6400000      0.6040000      0.5680000      0.5320000      0.4960000    
  0.4600000      0.4240000      0.3880000      0.3520000      0.3160000    
  0.2800000      0.2440000      0.2080000      0.1720000      0.1360000    
  Lowest boundary   (GeV):  0.1000000    

  Cumul. Flux (Part/cmq/pr):

  1.4147217E-07 +/-    99.00000     %   1.1366047E-06 +/-    12.57373     % 
  3.4402453E-06 +/-    12.47061     %   9.7419199E-04 +/-   0.2082644     % 
  1.1231645E-03 +/-   0.3046824     %   1.1557487E-03 +/-   0.5707496     % 
  1.1852745E-03 +/-   0.6467741     %   1.2112089E-03 +/-   0.7087818     % 
  1.2377809E-03 +/-   0.5763456     %   1.2665272E-03 +/-   0.6392335     % 
  1.2925835E-03 +/-   0.4918790     %   1.3193510E-03 +/-   0.3959325     % 
  1.3531185E-03 +/-   0.4645077     %   1.3912611E-03 +/-   0.3266851     % 
  1.4357580E-03 +/-   0.4233018     %   1.4804449E-03 +/-   0.5533676     % 
  1.5301630E-03 +/-   0.7361243     %   1.5965150E-03 +/-   0.7723934     % 
  1.6759221E-03 +/-   0.7508556     %   1.7754571E-03 +/-   0.6611216     % 
  1.8866708E-03 +/-   0.4807404     %   2.0266557E-03 +/-   0.3090522     % 
  2.2198723E-03 +/-   4.7332283E-02 %   2.4778778E-03 +/-   0.4698726     % 
  2.8180180E-03 +/-   0.4169396     % 

  Detector n:            2 (           2 )  BDXsingAn 
     (Area:            471.23889      cmq,
      distr. scored:         208    ,
      from reg.           2  to            3 ,
      two ways scoring,
      fluence scoring scoring)

     Tot. resp. (Part/cmq/pr)  1.4599490E-03  +/-  0.1096386     %
     ( -->      (Part/pr)      0.6879848      +/-  0.1096386     % )

  **** Different. Fluxes as a function of energy **** ****      (integrated over solid angle)        ****


  Energy boundaries (GeV):

   1.000000    
  Lowest boundary   (GeV):  0.1000000    

  Flux (Part/GeV/cmq/pr):

  1.6221656E-03 +/-   0.1096386     % 


  **** Cumulative Fluxes as a function of energy **** ****      (integrated over solid angle)        ****


  Energy boundaries (GeV):

   1.000000    
  Lowest boundary   (GeV):  0.1000000    

  Cumul. Flux (Part/cmq/pr):

  1.4599490E-03 +/-   0.1096386     % 

  **** Double diff. Fluxes as a function of energy ****


  Solid angle minimum value (sr):   0.000000    

  Solid angle upper boundaries (sr):

  0.5026549       1.005310       1.507965       2.010619       2.513274    
   3.015929       3.518584       4.021239       4.523894       5.026548    
   5.529203       6.031858       6.534513       7.037168       7.539823    
   8.042478       8.545133       9.047788       9.550442       10.05310    
   10.55575       11.05841       11.56106       12.06372       12.56637    

  Angular minimum value (deg.):   0.000000    

  Angular upper boundaries (deg.):

   23.07392       32.85988       40.53580       47.15636       53.13010    
   58.66775       63.89612       68.89980       73.73979       78.46304    
   83.10789       87.70756       92.29243       96.89210       101.5370    
   106.2602       111.1002       116.1039       121.3322       126.8699    
   132.8436       139.4642       147.1401       156.9261       180.0000    


  Energy interval (GeV):   1.000000      0.1000000    

  Flux (Part/sr/GeV/cmq/pr):

   0.000000     +/-    0.000000     %    0.000000     +/-    0.000000     % 
   0.000000     +/-    0.000000     %    0.000000     +/-    0.000000     % 
   0.000000     +/-    0.000000     %    0.000000     +/-    0.000000     % 
   0.000000     +/-    0.000000     %    0.000000     +/-    0.000000     % 
   0.000000     +/-    0.000000     %    0.000000     +/-    0.000000     % 
   0.000000     +/-    0.000000     %    0.000000     +/-    0.000000     % 
   0.000000     +/-    0.000000     %   3.6127565E-06 +/-    35.41342     % 
  5.8791206E-06 +/-    13.57242     %   8.4261510E-06 +/-    4.156852     % 
  1.0740807E-05 +/-    10.17729     %   1.0128577E-05 +/-    8.352344     % 
  2.6481632E-05 +/-    6.004631     %   4.2670497E-05 +/-    4.093163     % 
  6.2777217E-05 +/-    6.241666     %   8.2532300E-05 +/-    3.107352     % 
  1.0866080E-04 +/-    6.467710     %   2.1277278E-04 +/-    2.643513     % 
  2.6525131E-03 +/-   0.3245258     % 

  Flux (Part/deg/GeV/cmq/pr):

   0.000000     +/-    0.000000     %    0.000000     +/-    0.000000     % 
   0.000000     +/-    0.000000     %    0.000000     +/-    0.000000     % 
   0.000000     +/-    0.000000     %    0.000000     +/-    0.000000     % 
   0.000000     +/-    0.000000     %    0.000000     +/-    0.000000     % 
   0.000000     +/-    0.000000     %    0.000000     +/-    0.000000     % 
   0.000000     +/-    0.000000     %    0.000000     +/-    0.000000     % 
   0.000000     +/-    0.000000     %   3.9480514E-07 +/-    35.41342     % 
  6.3622315E-07 +/-    13.57242     %   8.9672477E-07 +/-    4.156852     % 
  1.1154808E-06 +/-    10.17729     %   1.0174855E-06 +/-    8.352344     % 
  2.5459392E-06 +/-    6.004631     %   3.8732214E-06 +/-    4.093163     % 
  5.2823257E-06 +/-    6.241666     %   6.2661284E-06 +/-    3.107352     % 
  7.1156201E-06 +/-    6.467710     %   1.0929046E-05 +/-    2.643513     % 
  5.7783738E-05 +/-   0.3245258     % 
